Invalid HTTP_HOST header: 'www.amarfreshbd.com'. You may need to add 'www.amarfreshbd.com' to ALLOWED_HOSTS.
Traceback (most recent call last):
  File "/home/amarfres/virtualenv/amarfreshbd.com/3.11/lib/python3.11/site-packages/django/core/handlers/exception.py", line 55, in inner
    response = get_response(request)
               ^^^^^^^^^^^^^^^^^^^^^
  File "/home/amarfres/virtualenv/amarfreshbd.com/3.11/lib/python3.11/site-packages/django/utils/deprecation.py", line 119, in __call__
    response = self.process_request(request)
               ^^^^^^^^^^^^^^^^^^^^^^^^^^^^^
  File "/home/amarfres/virtualenv/amarfreshbd.com/3.11/lib/python3.11/site-packages/django/middleware/common.py", line 48, in process_request
    host = request.get_host()
           ^^^^^^^^^^^^^^^^^^
  File "/home/amarfres/virtualenv/amarfreshbd.com/3.11/lib/python3.11/site-packages/django/http/request.py", line 202, in get_host
    raise DisallowedHost(msg)
django.core.exceptions.DisallowedHost: Invalid HTTP_HOST header: 'www.amarfreshbd.com'. You may need to add 'www.amarfreshbd.com' to ALLOWED_HOSTS.
[UID:2314][3877136] Reached max children process limit: 6, extra: 2, current: 8, busy: 7, please increase LSAPI_CHILDREN.
Not Found: /https:/amarfreshbd.com/https%3A/amarfreshbd.com/
Not Found: /products/?category=tea-coffee/products/%3Fcategory%3Dtea-coffee
Not Found: /products/?category=snacks/products/%3Fcategory%3Dsnacks
Not Found: /products/?category=spices/products/%3Fcategory%3Dspices
Not Found: /products/?category=dry-fruits/products/%3Fcategory%3Ddry-fruits
Not Found: /terms-conditions
Not Found: /tel:+099949343/tel%3A%2B099949343
Not Found: /products/?category=food/products/%3Fcategory%3Dfood
Not Found: /#/%23
Not Found: /tel:+8801321208940/tel%3A%2B8801321208940
Not Found: /return-policy
[UID:2314][3877136] Reached max children process limit: 6, extra: 2, current: 8, busy: 8, please increase LSAPI_CHILDREN.
[UID:2314][3877136] Reached max children process limit: 6, extra: 2, current: 8, busy: 8, please increase LSAPI_CHILDREN.
[UID:2314][3877136] Reached max children process limit: 6, extra: 2, current: 8, busy: 8, please increase LSAPI_CHILDREN.
[UID:2314][3877136] Reached max children process limit: 6, extra: 2, current: 8, busy: 8, please increase LSAPI_CHILDREN.
[UID:2314][3877136] Reached max children process limit: 6, extra: 2, current: 8, busy: 8, please increase LSAPI_CHILDREN.
[UID:2314][3877136] Reached max children process limit: 6, extra: 2, current: 8, busy: 8, please increase LSAPI_CHILDREN.
[UID:2314][3877136] Reached max children process limit: 6, extra: 2, current: 8, busy: 8, please increase LSAPI_CHILDREN.
[UID:2314][3877136] Reached max children process limit: 6, extra: 2, current: 8, busy: 8, please increase LSAPI_CHILDREN.
[UID:2314][3877136] Reached max children process limit: 6, extra: 2, current: 8, busy: 8, please increase LSAPI_CHILDREN.
[UID:2314][3877136] Reached max children process limit: 6, extra: 2, current: 8, busy: 8, please increase LSAPI_CHILDREN.
[UID:2314][3877136] Reached max children process limit: 6, extra: 2, current: 8, busy: 8, please increase LSAPI_CHILDREN.
[UID:2314][3877136] Reached max children process limit: 6, extra: 2, current: 8, busy: 8, please increase LSAPI_CHILDREN.
[UID:2314][3877136] Reached max children process limit: 6, extra: 2, current: 8, busy: 8, please increase LSAPI_CHILDREN.
[UID:2314][3877136] Reached max children process limit: 6, extra: 2, current: 8, busy: 8, please increase LSAPI_CHILDREN.
[UID:2314][3877136] Reached max children process limit: 6, extra: 2, current: 8, busy: 8, please increase LSAPI_CHILDREN.
[UID:2314][3877136] Reached max children process limit: 6, extra: 2, current: 8, busy: 8, please increase LSAPI_CHILDREN.
[UID:2314][3877136] Reached max children process limit: 6, extra: 2, current: 8, busy: 8, please increase LSAPI_CHILDREN.
[UID:2314][3877136] Reached max children process limit: 6, extra: 2, current: 8, busy: 8, please increase LSAPI_CHILDREN.
[UID:2314][3877136] Reached max children process limit: 6, extra: 2, current: 8, busy: 8, please increase LSAPI_CHILDREN.
[UID:2314][3877136] Reached max children process limit: 6, extra: 2, current: 8, busy: 8, please increase LSAPI_CHILDREN.
[UID:2314][3877136] Reached max children process limit: 6, extra: 2, current: 8, busy: 8, please increase LSAPI_CHILDREN.
[UID:2314][3877136] Reached max children process limit: 6, extra: 2, current: 8, busy: 8, please increase LSAPI_CHILDREN.
[UID:2314][3877136] Reached max children process limit: 6, extra: 2, current: 8, busy: 7, please increase LSAPI_CHILDREN.
[UID:2314][3877136] Reached max children process limit: 6, extra: 2, current: 8, busy: 7, please increase LSAPI_CHILDREN.
[UID:2314][3877136] Reached max children process limit: 6, extra: 2, current: 8, busy: 7, please increase LSAPI_CHILDREN.
Not Found: /privacy-policy
[UID:2314][3877136] Reached max children process limit: 6, extra: 2, current: 8, busy: 8, please increase LSAPI_CHILDREN.
Not Found: /products/?category=nuts/products/%3Fcategory%3Dnuts
[UID:2314][3877136] Reached max children process limit: 6, extra: 2, current: 8, busy: 8, please increase LSAPI_CHILDREN.
[UID:2314][3877136] Reached max children process limit: 6, extra: 2, current: 8, busy: 8, please increase LSAPI_CHILDREN.
[UID:2314][3877136] Reached max children process limit: 6, extra: 2, current: 8, busy: 8, please increase LSAPI_CHILDREN.
[UID:2314][3877136] Reached max children process limit: 6, extra: 2, current: 8, busy: 8, please increase LSAPI_CHILDREN.
[UID:2314][3877136] Reached max children process limit: 6, extra: 2, current: 8, busy: 7, please increase LSAPI_CHILDREN.
[UID:2314][3877136] Reached max children process limit: 6, extra: 2, current: 8, busy: 8, please increase LSAPI_CHILDREN.
[UID:2314][3877136] Reached max children process limit: 6, extra: 2, current: 8, busy: 7, please increase LSAPI_CHILDREN.
Not Found: /https:/fonts.googleapis.com/css2?family=Hind+Siliguri:wght@300;400;500;600;700&display=swap/https%3A/fonts.googleapis.com/css2%3Ffamily%3DHind%2BSiliguri%3Awght%40300%3B400%3B500%3B600%3B700%26display%3Dswap
Not Found: /https:/fonts.googleapis.com/css2?family=Hind+Siliguri:wght@300;400;500;600;700&display=swap/https%3A/fonts.googleapis.com/css2%3Ffamily%3DHind%2BSiliguri%3Awght%40300%3B400%3B500%3B600%3B700%26display%3Dswap
[UID:2314][3877136] Reached max children process limit: 6, extra: 2, current: 8, busy: 7, please increase LSAPI_CHILDREN.
[UID:2314][3877136] Reached max children process limit: 6, extra: 2, current: 8, busy: 8, please increase LSAPI_CHILDREN.
[UID:2314][3877136] Reached max children process limit: 6, extra: 2, current: 8, busy: 8, please increase LSAPI_CHILDREN.
[UID:2314][3877136] Reached max children process limit: 6, extra: 2, current: 8, busy: 8, please increase LSAPI_CHILDREN.
[UID:2314][3877136] Reached max children process limit: 6, extra: 2, current: 8, busy: 8, please increase LSAPI_CHILDREN.
[UID:2314][3877136] Reached max children process limit: 6, extra: 2, current: 8, busy: 8, please increase LSAPI_CHILDREN.
[UID:2314][3877136] Reached max children process limit: 6, extra: 2, current: 8, busy: 8, please increase LSAPI_CHILDREN.
[UID:2314][3877136] Reached max children process limit: 6, extra: 2, current: 8, busy: 8, please increase LSAPI_CHILDREN.
[UID:2314][3877136] Reached max children process limit: 6, extra: 2, current: 8, busy: 8, please increase LSAPI_CHILDREN.
[UID:2314][3877136] Reached max children process limit: 6, extra: 2, current: 8, busy: 8, please increase LSAPI_CHILDREN.
[UID:2314][3877136] Reached max children process limit: 6, extra: 2, current: 8, busy: 8, please increase LSAPI_CHILDREN.
[UID:2314][3877136] Reached max children process limit: 6, extra: 2, current: 8, busy: 8, please increase LSAPI_CHILDREN.
[UID:2314][3877136] Reached max children process limit: 6, extra: 2, current: 8, busy: 8, please increase LSAPI_CHILDREN.
[UID:2314][3877136] Reached max children process limit: 6, extra: 2, current: 8, busy: 8, please increase LSAPI_CHILDREN.
[UID:2314][3877136] Reached max children process limit: 6, extra: 2, current: 8, busy: 8, please increase LSAPI_CHILDREN.
[UID:2314][3877136] Reached max children process limit: 6, extra: 2, current: 8, busy: 8, please increase LSAPI_CHILDREN.
[UID:2314][3877136] Reached max children process limit: 6, extra: 2, current: 8, busy: 8, please increase LSAPI_CHILDREN.
[UID:2314][3877136] Reached max children process limit: 6, extra: 2, current: 8, busy: 8, please increase LSAPI_CHILDREN.
Not Found: /https:/amarfreshbd.com/https%3A/amarfreshbd.com/
Not Found: /media/products/\u09ac\u09a6\u09ae_CE3Bi8m.jpeg/media/products/%E0%A6%AC%E0%A6%A6%E0%A6%AE_CE3Bi8m.jpeg
Not Found: /media/products/\u09ac\u09a6\u09ae_CE3Bi8m.jpeg/media/products/%E0%A6%AC%E0%A6%A6%E0%A6%AE_CE3Bi8m.jpeg
Not Found: /media/products/\u0996\u099c\u09b0.jpg/media/products/%E0%A6%96%E0%A6%9C%E0%A6%B0.jpg
Not Found: /media/products/\u09ac\u09a6\u09ae.jpeg/media/products/%E0%A6%AC%E0%A6%A6%E0%A6%AE.jpeg
Not Found: /media/products/\u0995\u09b8\u09ae\u09b8.jpeg/media/products/%E0%A6%95%E0%A6%B8%E0%A6%AE%E0%A6%B8.jpeg
Not Found: /media/products/\u0986\u0996\u09b0\u099f.jpg/media/products/%E0%A6%86%E0%A6%96%E0%A6%B0%E0%A6%9F.jpg
[UID:2314][3877136] Reached max children process limit: 6, extra: 2, current: 8, busy: 8, please increase LSAPI_CHILDREN.
Not Found: /media/products/\u0996\u099c\u09b0.jpg/media/products/%E0%A6%96%E0%A6%9C%E0%A6%B0.jpg
Not Found: /media/products/\u09ac\u09a6\u09ae.jpeg/media/products/%E0%A6%AC%E0%A6%A6%E0%A6%AE.jpeg
[UID:2314][3877136] Reached max children process limit: 6, extra: 2, current: 8, busy: 8, please increase LSAPI_CHILDREN.
[UID:2314][3877136] Reached max children process limit: 6, extra: 2, current: 8, busy: 8, please increase LSAPI_CHILDREN.
[UID:2314][3877136] Reached max children process limit: 6, extra: 2, current: 8, busy: 8, please increase LSAPI_CHILDREN.
[UID:2314][3877136] Reached max children process limit: 6, extra: 2, current: 8, busy: 8, please increase LSAPI_CHILDREN.
[UID:2314][3877136] Reached max children process limit: 6, extra: 2, current: 8, busy: 8, please increase LSAPI_CHILDREN.
[UID:2314][3877136] Reached max children process limit: 6, extra: 2, current: 8, busy: 8, please increase LSAPI_CHILDREN.
Not Found: /favicon.ico
[UID:2314][3877136] Reached max children process limit: 6, extra: 2, current: 8, busy: 8, please increase LSAPI_CHILDREN.
[UID:2314][3877136] Reached max children process limit: 6, extra: 2, current: 8, busy: 8, please increase LSAPI_CHILDREN.
[UID:2314][3877136] Reached max children process limit: 6, extra: 2, current: 8, busy: 8, please increase LSAPI_CHILDREN.
[UID:2314][3877136] Reached max children process limit: 6, extra: 2, current: 8, busy: 8, please increase LSAPI_CHILDREN.
[UID:2314][3877136] Reached max children process limit: 6, extra: 2, current: 8, busy: 8, please increase LSAPI_CHILDREN.
[UID:2314][3877136] Reached max children process limit: 6, extra: 2, current: 8, busy: 8, please increase LSAPI_CHILDREN.
[UID:2314][3877136] Reached max children process limit: 6, extra: 2, current: 8, busy: 8, please increase LSAPI_CHILDREN.
[UID:2314][3877136] Reached max children process limit: 6, extra: 2, current: 8, busy: 8, please increase LSAPI_CHILDREN.
[UID:2314][3877136] Reached max children process limit: 6, extra: 2, current: 8, busy: 8, please increase LSAPI_CHILDREN.
[UID:2314][3877136] Reached max children process limit: 6, extra: 2, current: 8, busy: 8, please increase LSAPI_CHILDREN.
[UID:2314][3877136] Reached max children process limit: 6, extra: 2, current: 8, busy: 8, please increase LSAPI_CHILDREN.
[UID:2314][3877136] Reached max children process limit: 6, extra: 2, current: 8, busy: 8, please increase LSAPI_CHILDREN.
[UID:2314][3877136] Reached max children process limit: 6, extra: 2, current: 8, busy: 8, please increase LSAPI_CHILDREN.
[UID:2314][3877136] Reached max children process limit: 6, extra: 2, current: 8, busy: 8, please increase LSAPI_CHILDREN.
[UID:2314][3877136] Reached max children process limit: 6, extra: 2, current: 8, busy: 8, please increase LSAPI_CHILDREN.
[UID:2314][3877136] Reached max children process limit: 6, extra: 2, current: 8, busy: 8, please increase LSAPI_CHILDREN.
[UID:2314][3877136] Reached max children process limit: 6, extra: 2, current: 8, busy: 8, please increase LSAPI_CHILDREN.
[UID:2314][3877136] Reached max children process limit: 6, extra: 2, current: 8, busy: 8, please increase LSAPI_CHILDREN.
[UID:2314][3877136] Reached max children process limit: 6, extra: 2, current: 8, busy: 7, please increase LSAPI_CHILDREN.
[UID:2314][3877136] Reached max children process limit: 6, extra: 2, current: 8, busy: 8, please increase LSAPI_CHILDREN.
[UID:2314][3877136] Reached max children process limit: 6, extra: 2, current: 8, busy: 8, please increase LSAPI_CHILDREN.
[UID:2314][3877136] Reached max children process limit: 6, extra: 2, current: 8, busy: 7, please increase LSAPI_CHILDREN.
[UID:2314][3877136] Reached max children process limit: 6, extra: 2, current: 8, busy: 7, please increase LSAPI_CHILDREN.
Not Found: /media/products/\u0995\u09b8\u09ae\u09b8.jpeg/media/products/%E0%A6%95%E0%A6%B8%E0%A6%AE%E0%A6%B8.jpeg
Not Found: /media/products/\u0986\u0996\u09b0\u099f.jpg/media/products/%E0%A6%86%E0%A6%96%E0%A6%B0%E0%A6%9F.jpg
Not Found: /favicon.ico
Invalid HTTP_HOST header: 'www.amarfreshbd.com'. You may need to add 'www.amarfreshbd.com' to ALLOWED_HOSTS.
Traceback (most recent call last):
  File "/home/amarfres/virtualenv/amarfreshbd.com/3.11/lib/python3.11/site-packages/django/core/handlers/exception.py", line 55, in inner
    response = get_response(request)
               ^^^^^^^^^^^^^^^^^^^^^
  File "/home/amarfres/virtualenv/amarfreshbd.com/3.11/lib/python3.11/site-packages/django/utils/deprecation.py", line 119, in __call__
    response = self.process_request(request)
               ^^^^^^^^^^^^^^^^^^^^^^^^^^^^^
  File "/home/amarfres/virtualenv/amarfreshbd.com/3.11/lib/python3.11/site-packages/django/middleware/common.py", line 48, in process_request
    host = request.get_host()
           ^^^^^^^^^^^^^^^^^^
  File "/home/amarfres/virtualenv/amarfreshbd.com/3.11/lib/python3.11/site-packages/django/http/request.py", line 202, in get_host
    raise DisallowedHost(msg)
django.core.exceptions.DisallowedHost: Invalid HTTP_HOST header: 'www.amarfreshbd.com'. You may need to add 'www.amarfreshbd.com' to ALLOWED_HOSTS.
Invalid HTTP_HOST header: 'www.amarfreshbd.com'. You may need to add 'www.amarfreshbd.com' to ALLOWED_HOSTS.
Traceback (most recent call last):
  File "/home/amarfres/virtualenv/amarfreshbd.com/3.11/lib/python3.11/site-packages/django/core/handlers/exception.py", line 55, in inner
    response = get_response(request)
               ^^^^^^^^^^^^^^^^^^^^^
  File "/home/amarfres/virtualenv/amarfreshbd.com/3.11/lib/python3.11/site-packages/django/utils/deprecation.py", line 119, in __call__
    response = self.process_request(request)
               ^^^^^^^^^^^^^^^^^^^^^^^^^^^^^
  File "/home/amarfres/virtualenv/amarfreshbd.com/3.11/lib/python3.11/site-packages/django/middleware/common.py", line 48, in process_request
    host = request.get_host()
           ^^^^^^^^^^^^^^^^^^
  File "/home/amarfres/virtualenv/amarfreshbd.com/3.11/lib/python3.11/site-packages/django/http/request.py", line 202, in get_host
    raise DisallowedHost(msg)
django.core.exceptions.DisallowedHost: Invalid HTTP_HOST header: 'www.amarfreshbd.com'. You may need to add 'www.amarfreshbd.com' to ALLOWED_HOSTS.
Invalid HTTP_HOST header: 'www.amarfreshbd.com'. You may need to add 'www.amarfreshbd.com' to ALLOWED_HOSTS.
Traceback (most recent call last):
  File "/home/amarfres/virtualenv/amarfreshbd.com/3.11/lib/python3.11/site-packages/django/core/handlers/exception.py", line 55, in inner
    response = get_response(request)
               ^^^^^^^^^^^^^^^^^^^^^
  File "/home/amarfres/virtualenv/amarfreshbd.com/3.11/lib/python3.11/site-packages/django/utils/deprecation.py", line 119, in __call__
    response = self.process_request(request)
               ^^^^^^^^^^^^^^^^^^^^^^^^^^^^^
  File "/home/amarfres/virtualenv/amarfreshbd.com/3.11/lib/python3.11/site-packages/django/middleware/common.py", line 48, in process_request
    host = request.get_host()
           ^^^^^^^^^^^^^^^^^^
  File "/home/amarfres/virtualenv/amarfreshbd.com/3.11/lib/python3.11/site-packages/django/http/request.py", line 202, in get_host
    raise DisallowedHost(msg)
django.core.exceptions.DisallowedHost: Invalid HTTP_HOST header: 'www.amarfreshbd.com'. You may need to add 'www.amarfreshbd.com' to ALLOWED_HOSTS.
Invalid HTTP_HOST header: 'www.amarfreshbd.com'. You may need to add 'www.amarfreshbd.com' to ALLOWED_HOSTS.
Traceback (most recent call last):
  File "/home/amarfres/virtualenv/amarfreshbd.com/3.11/lib/python3.11/site-packages/django/core/handlers/exception.py", line 55, in inner
    response = get_response(request)
               ^^^^^^^^^^^^^^^^^^^^^
  File "/home/amarfres/virtualenv/amarfreshbd.com/3.11/lib/python3.11/site-packages/django/utils/deprecation.py", line 119, in __call__
    response = self.process_request(request)
               ^^^^^^^^^^^^^^^^^^^^^^^^^^^^^
  File "/home/amarfres/virtualenv/amarfreshbd.com/3.11/lib/python3.11/site-packages/django/middleware/common.py", line 48, in process_request
    host = request.get_host()
           ^^^^^^^^^^^^^^^^^^
  File "/home/amarfres/virtualenv/amarfreshbd.com/3.11/lib/python3.11/site-packages/django/http/request.py", line 202, in get_host
    raise DisallowedHost(msg)
django.core.exceptions.DisallowedHost: Invalid HTTP_HOST header: 'www.amarfreshbd.com'. You may need to add 'www.amarfreshbd.com' to ALLOWED_HOSTS.
Invalid HTTP_HOST header: 'www.amarfreshbd.com'. You may need to add 'www.amarfreshbd.com' to ALLOWED_HOSTS.
Traceback (most recent call last):
  File "/home/amarfres/virtualenv/amarfreshbd.com/3.11/lib/python3.11/site-packages/django/core/handlers/exception.py", line 55, in inner
    response = get_response(request)
               ^^^^^^^^^^^^^^^^^^^^^
  File "/home/amarfres/virtualenv/amarfreshbd.com/3.11/lib/python3.11/site-packages/django/utils/deprecation.py", line 119, in __call__
    response = self.process_request(request)
               ^^^^^^^^^^^^^^^^^^^^^^^^^^^^^
  File "/home/amarfres/virtualenv/amarfreshbd.com/3.11/lib/python3.11/site-packages/django/middleware/common.py", line 48, in process_request
    host = request.get_host()
           ^^^^^^^^^^^^^^^^^^
  File "/home/amarfres/virtualenv/amarfreshbd.com/3.11/lib/python3.11/site-packages/django/http/request.py", line 202, in get_host
    raise DisallowedHost(msg)
django.core.exceptions.DisallowedHost: Invalid HTTP_HOST header: 'www.amarfreshbd.com'. You may need to add 'www.amarfreshbd.com' to ALLOWED_HOSTS.
Invalid HTTP_HOST header: 'mail.amarfreshbd.com'. You may need to add 'mail.amarfreshbd.com' to ALLOWED_HOSTS.
Traceback (most recent call last):
  File "/home/amarfres/virtualenv/amarfreshbd.com/3.11/lib/python3.11/site-packages/django/core/handlers/exception.py", line 55, in inner
    response = get_response(request)
               ^^^^^^^^^^^^^^^^^^^^^
  File "/home/amarfres/virtualenv/amarfreshbd.com/3.11/lib/python3.11/site-packages/django/utils/deprecation.py", line 119, in __call__
    response = self.process_request(request)
               ^^^^^^^^^^^^^^^^^^^^^^^^^^^^^
  File "/home/amarfres/virtualenv/amarfreshbd.com/3.11/lib/python3.11/site-packages/django/middleware/common.py", line 48, in process_request
    host = request.get_host()
           ^^^^^^^^^^^^^^^^^^
  File "/home/amarfres/virtualenv/amarfreshbd.com/3.11/lib/python3.11/site-packages/django/http/request.py", line 202, in get_host
    raise DisallowedHost(msg)
django.core.exceptions.DisallowedHost: Invalid HTTP_HOST header: 'mail.amarfreshbd.com'. You may need to add 'mail.amarfreshbd.com' to ALLOWED_HOSTS.
Invalid HTTP_HOST header: 'mail.amarfreshbd.com'. You may need to add 'mail.amarfreshbd.com' to ALLOWED_HOSTS.
Traceback (most recent call last):
  File "/home/amarfres/virtualenv/amarfreshbd.com/3.11/lib/python3.11/site-packages/django/core/handlers/exception.py", line 55, in inner
    response = get_response(request)
               ^^^^^^^^^^^^^^^^^^^^^
  File "/home/amarfres/virtualenv/amarfreshbd.com/3.11/lib/python3.11/site-packages/django/utils/deprecation.py", line 119, in __call__
    response = self.process_request(request)
               ^^^^^^^^^^^^^^^^^^^^^^^^^^^^^
  File "/home/amarfres/virtualenv/amarfreshbd.com/3.11/lib/python3.11/site-packages/django/middleware/common.py", line 48, in process_request
    host = request.get_host()
           ^^^^^^^^^^^^^^^^^^
  File "/home/amarfres/virtualenv/amarfreshbd.com/3.11/lib/python3.11/site-packages/django/http/request.py", line 202, in get_host
    raise DisallowedHost(msg)
django.core.exceptions.DisallowedHost: Invalid HTTP_HOST header: 'mail.amarfreshbd.com'. You may need to add 'mail.amarfreshbd.com' to ALLOWED_HOSTS.
Invalid HTTP_HOST header: 'www.amarfreshbd.com'. You may need to add 'www.amarfreshbd.com' to ALLOWED_HOSTS.
Traceback (most recent call last):
  File "/home/amarfres/virtualenv/amarfreshbd.com/3.11/lib/python3.11/site-packages/django/core/handlers/exception.py", line 55, in inner
    response = get_response(request)
               ^^^^^^^^^^^^^^^^^^^^^
  File "/home/amarfres/virtualenv/amarfreshbd.com/3.11/lib/python3.11/site-packages/django/utils/deprecation.py", line 119, in __call__
    response = self.process_request(request)
               ^^^^^^^^^^^^^^^^^^^^^^^^^^^^^
  File "/home/amarfres/virtualenv/amarfreshbd.com/3.11/lib/python3.11/site-packages/django/middleware/common.py", line 48, in process_request
    host = request.get_host()
           ^^^^^^^^^^^^^^^^^^
  File "/home/amarfres/virtualenv/amarfreshbd.com/3.11/lib/python3.11/site-packages/django/http/request.py", line 202, in get_host
    raise DisallowedHost(msg)
django.core.exceptions.DisallowedHost: Invalid HTTP_HOST header: 'www.amarfreshbd.com'. You may need to add 'www.amarfreshbd.com' to ALLOWED_HOSTS.
Invalid HTTP_HOST header: 'www.amarfreshbd.com'. You may need to add 'www.amarfreshbd.com' to ALLOWED_HOSTS.
Traceback (most recent call last):
  File "/home/amarfres/virtualenv/amarfreshbd.com/3.11/lib/python3.11/site-packages/django/core/handlers/exception.py", line 55, in inner
    response = get_response(request)
               ^^^^^^^^^^^^^^^^^^^^^
  File "/home/amarfres/virtualenv/amarfreshbd.com/3.11/lib/python3.11/site-packages/django/utils/deprecation.py", line 119, in __call__
    response = self.process_request(request)
               ^^^^^^^^^^^^^^^^^^^^^^^^^^^^^
  File "/home/amarfres/virtualenv/amarfreshbd.com/3.11/lib/python3.11/site-packages/django/middleware/common.py", line 48, in process_request
    host = request.get_host()
           ^^^^^^^^^^^^^^^^^^
  File "/home/amarfres/virtualenv/amarfreshbd.com/3.11/lib/python3.11/site-packages/django/http/request.py", line 202, in get_host
    raise DisallowedHost(msg)
django.core.exceptions.DisallowedHost: Invalid HTTP_HOST header: 'www.amarfreshbd.com'. You may need to add 'www.amarfreshbd.com' to ALLOWED_HOSTS.
Invalid HTTP_HOST header: 'mail.amarfreshbd.com'. You may need to add 'mail.amarfreshbd.com' to ALLOWED_HOSTS.
Traceback (most recent call last):
  File "/home/amarfres/virtualenv/amarfreshbd.com/3.11/lib/python3.11/site-packages/django/core/handlers/exception.py", line 55, in inner
    response = get_response(request)
               ^^^^^^^^^^^^^^^^^^^^^
  File "/home/amarfres/virtualenv/amarfreshbd.com/3.11/lib/python3.11/site-packages/django/utils/deprecation.py", line 119, in __call__
    response = self.process_request(request)
               ^^^^^^^^^^^^^^^^^^^^^^^^^^^^^
  File "/home/amarfres/virtualenv/amarfreshbd.com/3.11/lib/python3.11/site-packages/django/middleware/common.py", line 48, in process_request
    host = request.get_host()
           ^^^^^^^^^^^^^^^^^^
  File "/home/amarfres/virtualenv/amarfreshbd.com/3.11/lib/python3.11/site-packages/django/http/request.py", line 202, in get_host
    raise DisallowedHost(msg)
django.core.exceptions.DisallowedHost: Invalid HTTP_HOST header: 'mail.amarfreshbd.com'. You may need to add 'mail.amarfreshbd.com' to ALLOWED_HOSTS.
Invalid HTTP_HOST header: 'mail.amarfreshbd.com'. You may need to add 'mail.amarfreshbd.com' to ALLOWED_HOSTS.
Traceback (most recent call last):
  File "/home/amarfres/virtualenv/amarfreshbd.com/3.11/lib/python3.11/site-packages/django/core/handlers/exception.py", line 55, in inner
    response = get_response(request)
               ^^^^^^^^^^^^^^^^^^^^^
  File "/home/amarfres/virtualenv/amarfreshbd.com/3.11/lib/python3.11/site-packages/django/utils/deprecation.py", line 119, in __call__
    response = self.process_request(request)
               ^^^^^^^^^^^^^^^^^^^^^^^^^^^^^
  File "/home/amarfres/virtualenv/amarfreshbd.com/3.11/lib/python3.11/site-packages/django/middleware/common.py", line 48, in process_request
    host = request.get_host()
           ^^^^^^^^^^^^^^^^^^
  File "/home/amarfres/virtualenv/amarfreshbd.com/3.11/lib/python3.11/site-packages/django/http/request.py", line 202, in get_host
    raise DisallowedHost(msg)
django.core.exceptions.DisallowedHost: Invalid HTTP_HOST header: 'mail.amarfreshbd.com'. You may need to add 'mail.amarfreshbd.com' to ALLOWED_HOSTS.
Invalid HTTP_HOST header: 'mail.amarfreshbd.com'. You may need to add 'mail.amarfreshbd.com' to ALLOWED_HOSTS.
Traceback (most recent call last):
  File "/home/amarfres/virtualenv/amarfreshbd.com/3.11/lib/python3.11/site-packages/django/core/handlers/exception.py", line 55, in inner
    response = get_response(request)
               ^^^^^^^^^^^^^^^^^^^^^
  File "/home/amarfres/virtualenv/amarfreshbd.com/3.11/lib/python3.11/site-packages/django/utils/deprecation.py", line 119, in __call__
    response = self.process_request(request)
               ^^^^^^^^^^^^^^^^^^^^^^^^^^^^^
  File "/home/amarfres/virtualenv/amarfreshbd.com/3.11/lib/python3.11/site-packages/django/middleware/common.py", line 48, in process_request
    host = request.get_host()
           ^^^^^^^^^^^^^^^^^^
  File "/home/amarfres/virtualenv/amarfreshbd.com/3.11/lib/python3.11/site-packages/django/http/request.py", line 202, in get_host
    raise DisallowedHost(msg)
django.core.exceptions.DisallowedHost: Invalid HTTP_HOST header: 'mail.amarfreshbd.com'. You may need to add 'mail.amarfreshbd.com' to ALLOWED_HOSTS.
Invalid HTTP_HOST header: 'mail.amarfreshbd.com'. You may need to add 'mail.amarfreshbd.com' to ALLOWED_HOSTS.
Traceback (most recent call last):
  File "/home/amarfres/virtualenv/amarfreshbd.com/3.11/lib/python3.11/site-packages/django/core/handlers/exception.py", line 55, in inner
    response = get_response(request)
               ^^^^^^^^^^^^^^^^^^^^^
  File "/home/amarfres/virtualenv/amarfreshbd.com/3.11/lib/python3.11/site-packages/django/utils/deprecation.py", line 119, in __call__
    response = self.process_request(request)
               ^^^^^^^^^^^^^^^^^^^^^^^^^^^^^
  File "/home/amarfres/virtualenv/amarfreshbd.com/3.11/lib/python3.11/site-packages/django/middleware/common.py", line 48, in process_request
    host = request.get_host()
           ^^^^^^^^^^^^^^^^^^
  File "/home/amarfres/virtualenv/amarfreshbd.com/3.11/lib/python3.11/site-packages/django/http/request.py", line 202, in get_host
    raise DisallowedHost(msg)
django.core.exceptions.DisallowedHost: Invalid HTTP_HOST header: 'mail.amarfreshbd.com'. You may need to add 'mail.amarfreshbd.com' to ALLOWED_HOSTS.
Invalid HTTP_HOST header: 'mail.amarfreshbd.com'. You may need to add 'mail.amarfreshbd.com' to ALLOWED_HOSTS.
Traceback (most recent call last):
  File "/home/amarfres/virtualenv/amarfreshbd.com/3.11/lib/python3.11/site-packages/django/core/handlers/exception.py", line 55, in inner
    response = get_response(request)
               ^^^^^^^^^^^^^^^^^^^^^
  File "/home/amarfres/virtualenv/amarfreshbd.com/3.11/lib/python3.11/site-packages/django/utils/deprecation.py", line 119, in __call__
    response = self.process_request(request)
               ^^^^^^^^^^^^^^^^^^^^^^^^^^^^^
  File "/home/amarfres/virtualenv/amarfreshbd.com/3.11/lib/python3.11/site-packages/django/middleware/common.py", line 48, in process_request
    host = request.get_host()
           ^^^^^^^^^^^^^^^^^^
  File "/home/amarfres/virtualenv/amarfreshbd.com/3.11/lib/python3.11/site-packages/django/http/request.py", line 202, in get_host
    raise DisallowedHost(msg)
django.core.exceptions.DisallowedHost: Invalid HTTP_HOST header: 'mail.amarfreshbd.com'. You may need to add 'mail.amarfreshbd.com' to ALLOWED_HOSTS.
[UID:2314][2651315] Reached max children process limit: 6, extra: 2, current: 8, busy: 7, please increase LSAPI_CHILDREN.
Not Found: /cloud-config.yml
Not Found: /docker-compose.yml
Not Found: /phpinfo.php
[UID:2314][2651315] Reached max children process limit: 6, extra: 2, current: 8, busy: 8, please increase LSAPI_CHILDREN.
Not Found: /.ssh/id_ecdsa
Not Found: /backup.zip
Not Found: /server-status
Not Found: /config.yml
Not Found: /web.config
Not Found: /secrets.json
Not Found: /.env
Not Found: /db/schema.rb
Not Found: /backup.sql
Not Found: /config.json
Not Found: /database_backup.sql
Not Found: /server.key
Not Found: /backup.tar.gz
Not Found: /feed
Not Found: /metrics
Not Found: /config.yaml
Not Found: /wp-admin/setup-config.php
Not Found: /database.sql
Not Found: /.DS_Store
Not Found: /user_secrets.yml
Not Found: /config.php
Not Found: /api/.env
Not Found: /wp-config.php
Not Found: /.ssh/id_rsa
Not Found: /config.xml
[UID:2314][2651315] Reached max children process limit: 6, extra: 2, current: 8, busy: 8, please increase LSAPI_CHILDREN.
Not Found: /_vti_pvt/service.pwd
Not Found: /etc/ssl/private/server.key
Not Found: /actuator/heapdump
Not Found: /.ssh/id_ed25519
Not Found: /.aws/credentials
Not Found: /config/production.json
Not Found: /api/v1/format_query
[UID:2314][2651315] Reached max children process limit: 6, extra: 2, current: 8, busy: 8, please increase LSAPI_CHILDREN.
[UID:2314][2651315] Reached max children process limit: 6, extra: 2, current: 8, busy: 8, please increase LSAPI_CHILDREN.
[UID:2314][2651315] Reached max children process limit: 6, extra: 2, current: 8, busy: 8, please increase LSAPI_CHILDREN.
[UID:2314][2651315] Reached max children process limit: 6, extra: 2, current: 8, busy: 8, please increase LSAPI_CHILDREN.
[UID:2314][2651315] Reached max children process limit: 6, extra: 2, current: 8, busy: 8, please increase LSAPI_CHILDREN.
[UID:2314][2651315] Reached max children process limit: 6, extra: 2, current: 8, busy: 8, please increase LSAPI_CHILDREN.
[UID:2314][2651315] Reached max children process limit: 6, extra: 2, current: 8, busy: 8, please increase LSAPI_CHILDREN.
[UID:2314][2651315] Reached max children process limit: 6, extra: 2, current: 8, busy: 8, please increase LSAPI_CHILDREN.
[UID:2314][2651315] Reached max children process limit: 6, extra: 2, current: 8, busy: 8, please increase LSAPI_CHILDREN.
[UID:2314][2651315] Reached max children process limit: 6, extra: 2, current: 8, busy: 8, please increase LSAPI_CHILDREN.
[UID:2314][2651315] Reached max children process limit: 6, extra: 2, current: 8, busy: 8, please increase LSAPI_CHILDREN.
[UID:2314][2651315] Reached max children process limit: 6, extra: 2, current: 8, busy: 8, please increase LSAPI_CHILDREN.
[UID:2314][2651315] Reached max children process limit: 6, extra: 2, current: 8, busy: 8, please increase LSAPI_CHILDREN.
[UID:2314][2651315] Reached max children process limit: 6, extra: 2, current: 8, busy: 8, please increase LSAPI_CHILDREN.
[UID:2314][2651315] Reached max children process limit: 6, extra: 2, current: 8, busy: 8, please increase LSAPI_CHILDREN.
[UID:2314][2651315] Reached max children process limit: 6, extra: 2, current: 8, busy: 8, please increase LSAPI_CHILDREN.
[UID:2314][2651315] Reached max children process limit: 6, extra: 2, current: 8, busy: 8, please increase LSAPI_CHILDREN.
[UID:2314][2651315] Reached max children process limit: 6, extra: 2, current: 8, busy: 8, please increase LSAPI_CHILDREN.
[UID:2314][2651315] Reached max children process limit: 6, extra: 2, current: 8, busy: 8, please increase LSAPI_CHILDREN.
[UID:2314][2651315] Reached max children process limit: 6, extra: 2, current: 8, busy: 8, please increase LSAPI_CHILDREN.
[UID:2314][2651315] Reached max children process limit: 6, extra: 2, current: 8, busy: 7, please increase LSAPI_CHILDREN.
Not Found: /.vscode/sftp.json
[UID:2314][2651315] Reached max children process limit: 6, extra: 2, current: 8, busy: 8, please increase LSAPI_CHILDREN.
[UID:2314][2651315] Reached max children process limit: 6, extra: 2, current: 8, busy: 8, please increase LSAPI_CHILDREN.
[UID:2314][2651315] Reached max children process limit: 6, extra: 2, current: 8, busy: 8, please increase LSAPI_CHILDREN.
[UID:2314][2651315] Reached max children process limit: 6, extra: 2, current: 8, busy: 8, please increase LSAPI_CHILDREN.
[UID:2314][2651315] Reached max children process limit: 6, extra: 2, current: 8, busy: 8, please increase LSAPI_CHILDREN.
[UID:2314][2651315] Reached max children process limit: 6, extra: 2, current: 8, busy: 8, please increase LSAPI_CHILDREN.
[UID:2314][2651315] Reached max children process limit: 6, extra: 2, current: 8, busy: 7, please increase LSAPI_CHILDREN.
[UID:2314][2651315] Reached max children process limit: 6, extra: 2, current: 8, busy: 7, please increase LSAPI_CHILDREN.
[UID:2314][2651315] Reached max children process limit: 6, extra: 2, current: 8, busy: 8, please increase LSAPI_CHILDREN.
Not Found: /dump.sql
Not Found: /.env.production
Not Found: /settings.py
Not Found: /media/products/\u09ac\u09a6\u09ae_CE3Bi8m.jpeg/media/products/%E0%A6%AC%E0%A6%A6%E0%A6%AE_CE3Bi8m.jpeg
Not Found: /media/products/\u0996\u099c\u09b0.jpg/media/products/%E0%A6%96%E0%A6%9C%E0%A6%B0.jpg
Not Found: /media/products/\u09ac\u09a6\u09ae.jpeg/media/products/%E0%A6%AC%E0%A6%A6%E0%A6%AE.jpeg
Not Found: /media/products/\u0995\u09b8\u09ae\u09b8.jpeg/media/products/%E0%A6%95%E0%A6%B8%E0%A6%AE%E0%A6%B8.jpeg
Not Found: /media/products/\u0986\u0996\u09b0\u099f.jpg/media/products/%E0%A6%86%E0%A6%96%E0%A6%B0%E0%A6%9F.jpg
Not Found: /wordpress/wp-admin/setup-config.php
Not Found: /wordpress/wp-admin/setup-config.php
Not Found: /wp-admin/setup-config.php
Not Found: /wp-admin/setup-config.php
Invalid HTTP_HOST header: 'www.amarfreshbd.com'. You may need to add 'www.amarfreshbd.com' to ALLOWED_HOSTS.
Traceback (most recent call last):
  File "/home/amarfres/virtualenv/amarfreshbd.com/3.11/lib/python3.11/site-packages/django/core/handlers/exception.py", line 55, in inner
    response = get_response(request)
               ^^^^^^^^^^^^^^^^^^^^^
  File "/home/amarfres/virtualenv/amarfreshbd.com/3.11/lib/python3.11/site-packages/django/utils/deprecation.py", line 119, in __call__
    response = self.process_request(request)
               ^^^^^^^^^^^^^^^^^^^^^^^^^^^^^
  File "/home/amarfres/virtualenv/amarfreshbd.com/3.11/lib/python3.11/site-packages/django/middleware/common.py", line 48, in process_request
    host = request.get_host()
           ^^^^^^^^^^^^^^^^^^
  File "/home/amarfres/virtualenv/amarfreshbd.com/3.11/lib/python3.11/site-packages/django/http/request.py", line 202, in get_host
    raise DisallowedHost(msg)
django.core.exceptions.DisallowedHost: Invalid HTTP_HOST header: 'www.amarfreshbd.com'. You may need to add 'www.amarfreshbd.com' to ALLOWED_HOSTS.
Invalid HTTP_HOST header: 'mail.amarfreshbd.com'. You may need to add 'mail.amarfreshbd.com' to ALLOWED_HOSTS.
Traceback (most recent call last):
  File "/home/amarfres/virtualenv/amarfreshbd.com/3.11/lib/python3.11/site-packages/django/core/handlers/exception.py", line 55, in inner
    response = get_response(request)
               ^^^^^^^^^^^^^^^^^^^^^
  File "/home/amarfres/virtualenv/amarfreshbd.com/3.11/lib/python3.11/site-packages/django/utils/deprecation.py", line 119, in __call__
    response = self.process_request(request)
               ^^^^^^^^^^^^^^^^^^^^^^^^^^^^^
  File "/home/amarfres/virtualenv/amarfreshbd.com/3.11/lib/python3.11/site-packages/django/middleware/common.py", line 48, in process_request
    host = request.get_host()
           ^^^^^^^^^^^^^^^^^^
  File "/home/amarfres/virtualenv/amarfreshbd.com/3.11/lib/python3.11/site-packages/django/http/request.py", line 202, in get_host
    raise DisallowedHost(msg)
django.core.exceptions.DisallowedHost: Invalid HTTP_HOST header: 'mail.amarfreshbd.com'. You may need to add 'mail.amarfreshbd.com' to ALLOWED_HOSTS.
Invalid HTTP_HOST header: 'mail.amarfreshbd.com'. You may need to add 'mail.amarfreshbd.com' to ALLOWED_HOSTS.
Traceback (most recent call last):
  File "/home/amarfres/virtualenv/amarfreshbd.com/3.11/lib/python3.11/site-packages/django/core/handlers/exception.py", line 55, in inner
    response = get_response(request)
               ^^^^^^^^^^^^^^^^^^^^^
  File "/home/amarfres/virtualenv/amarfreshbd.com/3.11/lib/python3.11/site-packages/django/utils/deprecation.py", line 119, in __call__
    response = self.process_request(request)
               ^^^^^^^^^^^^^^^^^^^^^^^^^^^^^
  File "/home/amarfres/virtualenv/amarfreshbd.com/3.11/lib/python3.11/site-packages/django/middleware/common.py", line 48, in process_request
    host = request.get_host()
           ^^^^^^^^^^^^^^^^^^
  File "/home/amarfres/virtualenv/amarfreshbd.com/3.11/lib/python3.11/site-packages/django/http/request.py", line 202, in get_host
    raise DisallowedHost(msg)
django.core.exceptions.DisallowedHost: Invalid HTTP_HOST header: 'mail.amarfreshbd.com'. You may need to add 'mail.amarfreshbd.com' to ALLOWED_HOSTS.
Invalid HTTP_HOST header: 'mail.amarfreshbd.com'. You may need to add 'mail.amarfreshbd.com' to ALLOWED_HOSTS.
Traceback (most recent call last):
  File "/home/amarfres/virtualenv/amarfreshbd.com/3.11/lib/python3.11/site-packages/django/core/handlers/exception.py", line 55, in inner
    response = get_response(request)
               ^^^^^^^^^^^^^^^^^^^^^
  File "/home/amarfres/virtualenv/amarfreshbd.com/3.11/lib/python3.11/site-packages/django/utils/deprecation.py", line 119, in __call__
    response = self.process_request(request)
               ^^^^^^^^^^^^^^^^^^^^^^^^^^^^^
  File "/home/amarfres/virtualenv/amarfreshbd.com/3.11/lib/python3.11/site-packages/django/middleware/common.py", line 48, in process_request
    host = request.get_host()
           ^^^^^^^^^^^^^^^^^^
  File "/home/amarfres/virtualenv/amarfreshbd.com/3.11/lib/python3.11/site-packages/django/http/request.py", line 202, in get_host
    raise DisallowedHost(msg)
django.core.exceptions.DisallowedHost: Invalid HTTP_HOST header: 'mail.amarfreshbd.com'. You may need to add 'mail.amarfreshbd.com' to ALLOWED_HOSTS.
Invalid HTTP_HOST header: 'mail.amarfreshbd.com'. You may need to add 'mail.amarfreshbd.com' to ALLOWED_HOSTS.
Traceback (most recent call last):
  File "/home/amarfres/virtualenv/amarfreshbd.com/3.11/lib/python3.11/site-packages/django/core/handlers/exception.py", line 55, in inner
    response = get_response(request)
               ^^^^^^^^^^^^^^^^^^^^^
  File "/home/amarfres/virtualenv/amarfreshbd.com/3.11/lib/python3.11/site-packages/django/utils/deprecation.py", line 119, in __call__
    response = self.process_request(request)
               ^^^^^^^^^^^^^^^^^^^^^^^^^^^^^
  File "/home/amarfres/virtualenv/amarfreshbd.com/3.11/lib/python3.11/site-packages/django/middleware/common.py", line 48, in process_request
    host = request.get_host()
           ^^^^^^^^^^^^^^^^^^
  File "/home/amarfres/virtualenv/amarfreshbd.com/3.11/lib/python3.11/site-packages/django/http/request.py", line 202, in get_host
    raise DisallowedHost(msg)
django.core.exceptions.DisallowedHost: Invalid HTTP_HOST header: 'mail.amarfreshbd.com'. You may need to add 'mail.amarfreshbd.com' to ALLOWED_HOSTS.
Not Found: /media/products/\u09ac\u09a6\u09ae_CE3Bi8m.jpeg/media/products/%E0%A6%AC%E0%A6%A6%E0%A6%AE_CE3Bi8m.jpeg
Not Found: /media/products/\u0996\u099c\u09b0.jpg/media/products/%E0%A6%96%E0%A6%9C%E0%A6%B0.jpg
Invalid HTTP_HOST header: 'mail.amarfreshbd.com'. You may need to add 'mail.amarfreshbd.com' to ALLOWED_HOSTS.
Traceback (most recent call last):
  File "/home/amarfres/virtualenv/amarfreshbd.com/3.11/lib/python3.11/site-packages/django/core/handlers/exception.py", line 55, in inner
    response = get_response(request)
               ^^^^^^^^^^^^^^^^^^^^^
  File "/home/amarfres/virtualenv/amarfreshbd.com/3.11/lib/python3.11/site-packages/django/utils/deprecation.py", line 119, in __call__
    response = self.process_request(request)
               ^^^^^^^^^^^^^^^^^^^^^^^^^^^^^
  File "/home/amarfres/virtualenv/amarfreshbd.com/3.11/lib/python3.11/site-packages/django/middleware/common.py", line 48, in process_request
    host = request.get_host()
           ^^^^^^^^^^^^^^^^^^
  File "/home/amarfres/virtualenv/amarfreshbd.com/3.11/lib/python3.11/site-packages/django/http/request.py", line 202, in get_host
    raise DisallowedHost(msg)
django.core.exceptions.DisallowedHost: Invalid HTTP_HOST header: 'mail.amarfreshbd.com'. You may need to add 'mail.amarfreshbd.com' to ALLOWED_HOSTS.
Not Found: /media/products/\u09ac\u09a6\u09ae.jpeg/media/products/%E0%A6%AC%E0%A6%A6%E0%A6%AE.jpeg
Not Found: /media/products/\u0986\u0996\u09b0\u099f.jpg/media/products/%E0%A6%86%E0%A6%96%E0%A6%B0%E0%A6%9F.jpg
Not Found: /media/products/\u0995\u09b8\u09ae\u09b8.jpeg/media/products/%E0%A6%95%E0%A6%B8%E0%A6%AE%E0%A6%B8.jpeg
Invalid HTTP_HOST header: 'www.amarfreshbd.com'. You may need to add 'www.amarfreshbd.com' to ALLOWED_HOSTS.
Traceback (most recent call last):
  File "/home/amarfres/virtualenv/amarfreshbd.com/3.11/lib/python3.11/site-packages/django/core/handlers/exception.py", line 55, in inner
    response = get_response(request)
               ^^^^^^^^^^^^^^^^^^^^^
  File "/home/amarfres/virtualenv/amarfreshbd.com/3.11/lib/python3.11/site-packages/django/utils/deprecation.py", line 119, in __call__
    response = self.process_request(request)
               ^^^^^^^^^^^^^^^^^^^^^^^^^^^^^
  File "/home/amarfres/virtualenv/amarfreshbd.com/3.11/lib/python3.11/site-packages/django/middleware/common.py", line 48, in process_request
    host = request.get_host()
           ^^^^^^^^^^^^^^^^^^
  File "/home/amarfres/virtualenv/amarfreshbd.com/3.11/lib/python3.11/site-packages/django/http/request.py", line 202, in get_host
    raise DisallowedHost(msg)
django.core.exceptions.DisallowedHost: Invalid HTTP_HOST header: 'www.amarfreshbd.com'. You may need to add 'www.amarfreshbd.com' to ALLOWED_HOSTS.
Invalid HTTP_HOST header: 'www.amarfreshbd.com'. You may need to add 'www.amarfreshbd.com' to ALLOWED_HOSTS.
Traceback (most recent call last):
  File "/home/amarfres/virtualenv/amarfreshbd.com/3.11/lib/python3.11/site-packages/django/core/handlers/exception.py", line 55, in inner
    response = get_response(request)
               ^^^^^^^^^^^^^^^^^^^^^
  File "/home/amarfres/virtualenv/amarfreshbd.com/3.11/lib/python3.11/site-packages/django/utils/deprecation.py", line 119, in __call__
    response = self.process_request(request)
               ^^^^^^^^^^^^^^^^^^^^^^^^^^^^^
  File "/home/amarfres/virtualenv/amarfreshbd.com/3.11/lib/python3.11/site-packages/django/middleware/common.py", line 48, in process_request
    host = request.get_host()
           ^^^^^^^^^^^^^^^^^^
  File "/home/amarfres/virtualenv/amarfreshbd.com/3.11/lib/python3.11/site-packages/django/http/request.py", line 202, in get_host
    raise DisallowedHost(msg)
django.core.exceptions.DisallowedHost: Invalid HTTP_HOST header: 'www.amarfreshbd.com'. You may need to add 'www.amarfreshbd.com' to ALLOWED_HOSTS.
Forbidden (Referer checking failed - no Referer.): /
Invalid HTTP_HOST header: 'mail.amarfreshbd.com'. You may need to add 'mail.amarfreshbd.com' to ALLOWED_HOSTS.
Traceback (most recent call last):
  File "/home/amarfres/virtualenv/amarfreshbd.com/3.11/lib/python3.11/site-packages/django/core/handlers/exception.py", line 55, in inner
    response = get_response(request)
               ^^^^^^^^^^^^^^^^^^^^^
  File "/home/amarfres/virtualenv/amarfreshbd.com/3.11/lib/python3.11/site-packages/django/utils/deprecation.py", line 119, in __call__
    response = self.process_request(request)
               ^^^^^^^^^^^^^^^^^^^^^^^^^^^^^
  File "/home/amarfres/virtualenv/amarfreshbd.com/3.11/lib/python3.11/site-packages/django/middleware/common.py", line 48, in process_request
    host = request.get_host()
           ^^^^^^^^^^^^^^^^^^
  File "/home/amarfres/virtualenv/amarfreshbd.com/3.11/lib/python3.11/site-packages/django/http/request.py", line 202, in get_host
    raise DisallowedHost(msg)
django.core.exceptions.DisallowedHost: Invalid HTTP_HOST header: 'mail.amarfreshbd.com'. You may need to add 'mail.amarfreshbd.com' to ALLOWED_HOSTS.
Invalid HTTP_HOST header: 'mail.amarfreshbd.com'. You may need to add 'mail.amarfreshbd.com' to ALLOWED_HOSTS.
Traceback (most recent call last):
  File "/home/amarfres/virtualenv/amarfreshbd.com/3.11/lib/python3.11/site-packages/django/core/handlers/exception.py", line 55, in inner
    response = get_response(request)
               ^^^^^^^^^^^^^^^^^^^^^
  File "/home/amarfres/virtualenv/amarfreshbd.com/3.11/lib/python3.11/site-packages/django/utils/deprecation.py", line 119, in __call__
    response = self.process_request(request)
               ^^^^^^^^^^^^^^^^^^^^^^^^^^^^^
  File "/home/amarfres/virtualenv/amarfreshbd.com/3.11/lib/python3.11/site-packages/django/middleware/common.py", line 48, in process_request
    host = request.get_host()
           ^^^^^^^^^^^^^^^^^^
  File "/home/amarfres/virtualenv/amarfreshbd.com/3.11/lib/python3.11/site-packages/django/http/request.py", line 202, in get_host
    raise DisallowedHost(msg)
django.core.exceptions.DisallowedHost: Invalid HTTP_HOST header: 'mail.amarfreshbd.com'. You may need to add 'mail.amarfreshbd.com' to ALLOWED_HOSTS.
Not Found: /media/products/\u09ac\u09a6\u09ae_CE3Bi8m.jpeg/media/products/%E0%A6%AC%E0%A6%A6%E0%A6%AE_CE3Bi8m.jpeg
Not Found: /media/products/\u0996\u099c\u09b0.jpg/media/products/%E0%A6%96%E0%A6%9C%E0%A6%B0.jpg
Not Found: /media/products/\u09ac\u09a6\u09ae.jpeg/media/products/%E0%A6%AC%E0%A6%A6%E0%A6%AE.jpeg
Not Found: /media/products/\u0986\u0996\u09b0\u099f.jpg/media/products/%E0%A6%86%E0%A6%96%E0%A6%B0%E0%A6%9F.jpg
Not Found: /media/products/\u0995\u09b8\u09ae\u09b8.jpeg/media/products/%E0%A6%95%E0%A6%B8%E0%A6%AE%E0%A6%B8.jpeg
Not Found: /favicon.ico
Not Found: /media/products/\u0996\u099c\u09b0.jpg/media/products/%E0%A6%96%E0%A6%9C%E0%A6%B0.jpg
Not Found: /media/products/\u0996\u099c\u09b0.jpg/media/products/%E0%A6%96%E0%A6%9C%E0%A6%B0.jpg
Not Found: /media/products/\u0996\u099c\u09b0.jpg/media/products/%E0%A6%96%E0%A6%9C%E0%A6%B0.jpg
Not Found: /media/products/\u0996\u099c\u09b0.jpg/media/products/%E0%A6%96%E0%A6%9C%E0%A6%B0.jpg
Not Found: /favicon.ico
Invalid HTTP_HOST header: 'mail.amarfreshbd.com'. You may need to add 'mail.amarfreshbd.com' to ALLOWED_HOSTS.
Traceback (most recent call last):
  File "/home/amarfres/virtualenv/amarfreshbd.com/3.11/lib/python3.11/site-packages/django/core/handlers/exception.py", line 55, in inner
    response = get_response(request)
               ^^^^^^^^^^^^^^^^^^^^^
  File "/home/amarfres/virtualenv/amarfreshbd.com/3.11/lib/python3.11/site-packages/django/utils/deprecation.py", line 119, in __call__
    response = self.process_request(request)
               ^^^^^^^^^^^^^^^^^^^^^^^^^^^^^
  File "/home/amarfres/virtualenv/amarfreshbd.com/3.11/lib/python3.11/site-packages/django/middleware/common.py", line 48, in process_request
    host = request.get_host()
           ^^^^^^^^^^^^^^^^^^
  File "/home/amarfres/virtualenv/amarfreshbd.com/3.11/lib/python3.11/site-packages/django/http/request.py", line 202, in get_host
    raise DisallowedHost(msg)
django.core.exceptions.DisallowedHost: Invalid HTTP_HOST header: 'mail.amarfreshbd.com'. You may need to add 'mail.amarfreshbd.com' to ALLOWED_HOSTS.
Invalid HTTP_HOST header: 'mail.amarfreshbd.com'. You may need to add 'mail.amarfreshbd.com' to ALLOWED_HOSTS.
Traceback (most recent call last):
  File "/home/amarfres/virtualenv/amarfreshbd.com/3.11/lib/python3.11/site-packages/django/core/handlers/exception.py", line 55, in inner
    response = get_response(request)
               ^^^^^^^^^^^^^^^^^^^^^
  File "/home/amarfres/virtualenv/amarfreshbd.com/3.11/lib/python3.11/site-packages/django/utils/deprecation.py", line 119, in __call__
    response = self.process_request(request)
               ^^^^^^^^^^^^^^^^^^^^^^^^^^^^^
  File "/home/amarfres/virtualenv/amarfreshbd.com/3.11/lib/python3.11/site-packages/django/middleware/common.py", line 48, in process_request
    host = request.get_host()
           ^^^^^^^^^^^^^^^^^^
  File "/home/amarfres/virtualenv/amarfreshbd.com/3.11/lib/python3.11/site-packages/django/http/request.py", line 202, in get_host
    raise DisallowedHost(msg)
django.core.exceptions.DisallowedHost: Invalid HTTP_HOST header: 'mail.amarfreshbd.com'. You may need to add 'mail.amarfreshbd.com' to ALLOWED_HOSTS.
Invalid HTTP_HOST header: 'mail.amarfreshbd.com'. You may need to add 'mail.amarfreshbd.com' to ALLOWED_HOSTS.
Traceback (most recent call last):
  File "/home/amarfres/virtualenv/amarfreshbd.com/3.11/lib/python3.11/site-packages/django/core/handlers/exception.py", line 55, in inner
    response = get_response(request)
               ^^^^^^^^^^^^^^^^^^^^^
  File "/home/amarfres/virtualenv/amarfreshbd.com/3.11/lib/python3.11/site-packages/django/utils/deprecation.py", line 119, in __call__
    response = self.process_request(request)
               ^^^^^^^^^^^^^^^^^^^^^^^^^^^^^
  File "/home/amarfres/virtualenv/amarfreshbd.com/3.11/lib/python3.11/site-packages/django/middleware/common.py", line 48, in process_request
    host = request.get_host()
           ^^^^^^^^^^^^^^^^^^
  File "/home/amarfres/virtualenv/amarfreshbd.com/3.11/lib/python3.11/site-packages/django/http/request.py", line 202, in get_host
    raise DisallowedHost(msg)
django.core.exceptions.DisallowedHost: Invalid HTTP_HOST header: 'mail.amarfreshbd.com'. You may need to add 'mail.amarfreshbd.com' to ALLOWED_HOSTS.
Invalid HTTP_HOST header: 'mail.amarfreshbd.com'. You may need to add 'mail.amarfreshbd.com' to ALLOWED_HOSTS.
Traceback (most recent call last):
  File "/home/amarfres/virtualenv/amarfreshbd.com/3.11/lib/python3.11/site-packages/django/core/handlers/exception.py", line 55, in inner
    response = get_response(request)
               ^^^^^^^^^^^^^^^^^^^^^
  File "/home/amarfres/virtualenv/amarfreshbd.com/3.11/lib/python3.11/site-packages/django/utils/deprecation.py", line 119, in __call__
    response = self.process_request(request)
               ^^^^^^^^^^^^^^^^^^^^^^^^^^^^^
  File "/home/amarfres/virtualenv/amarfreshbd.com/3.11/lib/python3.11/site-packages/django/middleware/common.py", line 48, in process_request
    host = request.get_host()
           ^^^^^^^^^^^^^^^^^^
  File "/home/amarfres/virtualenv/amarfreshbd.com/3.11/lib/python3.11/site-packages/django/http/request.py", line 202, in get_host
    raise DisallowedHost(msg)
django.core.exceptions.DisallowedHost: Invalid HTTP_HOST header: 'mail.amarfreshbd.com'. You may need to add 'mail.amarfreshbd.com' to ALLOWED_HOSTS.
Not Found: /media/products/\u0996\u099c\u09b0.jpg/media/products/%E0%A6%96%E0%A6%9C%E0%A6%B0.jpg
Not Found: /media/products/\u0995\u09b8\u09ae\u09b8.jpeg/media/products/%E0%A6%95%E0%A6%B8%E0%A6%AE%E0%A6%B8.jpeg
Not Found: /media/products/\u0986\u0996\u09b0\u099f.jpg/media/products/%E0%A6%86%E0%A6%96%E0%A6%B0%E0%A6%9F.jpg
Not Found: /media/products/\u09ac\u09a6\u09ae.jpeg/media/products/%E0%A6%AC%E0%A6%A6%E0%A6%AE.jpeg
Not Found: /media/products/\u09ac\u09a6\u09ae_CE3Bi8m.jpeg/media/products/%E0%A6%AC%E0%A6%A6%E0%A6%AE_CE3Bi8m.jpeg
Not Found: /favicon.ico
Invalid HTTP_HOST header: 'www.amarfreshbd.com'. You may need to add 'www.amarfreshbd.com' to ALLOWED_HOSTS.
Traceback (most recent call last):
  File "/home/amarfres/virtualenv/amarfreshbd.com/3.11/lib/python3.11/site-packages/django/core/handlers/exception.py", line 55, in inner
    response = get_response(request)
               ^^^^^^^^^^^^^^^^^^^^^
  File "/home/amarfres/virtualenv/amarfreshbd.com/3.11/lib/python3.11/site-packages/django/utils/deprecation.py", line 119, in __call__
    response = self.process_request(request)
               ^^^^^^^^^^^^^^^^^^^^^^^^^^^^^
  File "/home/amarfres/virtualenv/amarfreshbd.com/3.11/lib/python3.11/site-packages/django/middleware/common.py", line 48, in process_request
    host = request.get_host()
           ^^^^^^^^^^^^^^^^^^
  File "/home/amarfres/virtualenv/amarfreshbd.com/3.11/lib/python3.11/site-packages/django/http/request.py", line 202, in get_host
    raise DisallowedHost(msg)
django.core.exceptions.DisallowedHost: Invalid HTTP_HOST header: 'www.amarfreshbd.com'. You may need to add 'www.amarfreshbd.com' to ALLOWED_HOSTS.
Not Found: /.env//.env
Not Found: /.env.local//.env.local
Not Found: /.env.dev//.env.dev
Not Found: /.env.prod//.env.prod
Not Found: /.env.staging//.env.staging
Not Found: /.env.development//.env.development
Not Found: /.env.production//.env.production
Not Found: /.env.test//.env.test
Not Found: /.env.backup//.env.backup
Not Found: /.env.example//.env.example
Not Found: /.env.sample//.env.sample
Not Found: /.env.old//.env.old
Not Found: /.env.bak//.env.bak
Not Found: /.env.save//.env.save
Not Found: /.env.orig//.env.orig
Not Found: /.env.swp//.env.swp
Not Found: /.env~//.env~
Not Found: /.env.tmp//.env.tmp
Not Found: /.env.dist//.env.dist
Not Found: /admin/.env//admin/.env
Not Found: /admin/.env.save//admin/.env.save
Not Found: /admin/.env.bak//admin/.env.bak
Not Found: /admin/.env.old//admin/.env.old
Not Found: /api/.env//api/.env
Not Found: /api/.env.save//api/.env.save
Not Found: /api/.env.bak//api/.env.bak
Not Found: /api/.env.old//api/.env.old
Not Found: /app/.env//app/.env
Not Found: /app/.env.save//app/.env.save
Not Found: /app/.env.bak//app/.env.bak
Not Found: /app/.env.old//app/.env.old
Not Found: /config/.env//config/.env
Not Found: /config/.env.save//config/.env.save
Not Found: /config/.env.bak//config/.env.bak
Not Found: /config/.env.old//config/.env.old
Not Found: /src/.env//src/.env
Not Found: /src/.env.save//src/.env.save
Not Found: /src/.env.bak//src/.env.bak
Not Found: /src/.env.old//src/.env.old
Not Found: /public/.env//public/.env
Not Found: /public/.env.save//public/.env.save
Not Found: /public/.env.bak//public/.env.bak
Not Found: /public/.env.old//public/.env.old
Not Found: /assets/.env//assets/.env
Not Found: /assets/.env.save//assets/.env.save
Not Found: /assets/.env.bak//assets/.env.bak
Not Found: /assets/.env.old//assets/.env.old
Not Found: /includes/.env//includes/.env
Not Found: /includes/.env.save//includes/.env.save
Not Found: /includes/.env.bak//includes/.env.bak
Not Found: /includes/.env.old//includes/.env.old
Not Found: /lib/.env//lib/.env
Not Found: /lib/.env.save//lib/.env.save
Not Found: /lib/.env.bak//lib/.env.bak
Not Found: /lib/.env.old//lib/.env.old
Not Found: /application/.env//application/.env
Not Found: /application/.env.save//application/.env.save
Not Found: /application/.env.bak//application/.env.bak
Not Found: /application/.env.old//application/.env.old
Not Found: /system/.env//system/.env
Not Found: /system/.env.save//system/.env.save
Not Found: /system/.env.bak//system/.env.bak
Not Found: /system/.env.old//system/.env.old
Not Found: /core/.env//core/.env
Not Found: /core/.env.save//core/.env.save
Not Found: /core/.env.bak//core/.env.bak
Not Found: /core/.env.old//core/.env.old
Not Found: /modules/.env//modules/.env
Not Found: /modules/.env.save//modules/.env.save
Not Found: /modules/.env.bak//modules/.env.bak
Not Found: /modules/.env.old//modules/.env.old
Not Found: /plugins/.env//plugins/.env
Not Found: /plugins/.env.save//plugins/.env.save
Not Found: /plugins/.env.bak//plugins/.env.bak
Not Found: /plugins/.env.old//plugins/.env.old
Not Found: /themes/.env//themes/.env
Not Found: /themes/.env.save//themes/.env.save
Not Found: /themes/.env.bak//themes/.env.bak
Not Found: /themes/.env.old//themes/.env.old
Not Found: /vendor/.env//vendor/.env
Not Found: /vendor/.env.save//vendor/.env.save
Not Found: /vendor/.env.bak//vendor/.env.bak
Not Found: /vendor/.env.old//vendor/.env.old
Not Found: /storage/.env//storage/.env
Not Found: /storage/.env.save//storage/.env.save
Not Found: /storage/.env.bak//storage/.env.bak
Not Found: /storage/.env.old//storage/.env.old
Forbidden (CSRF cookie not set.): /
Not Found: /.env
Not Found: /.env.local
Not Found: /.env.dev
Not Found: /.env.prod
Not Found: /.env.staging
Not Found: /.env.development
Not Found: /.env.production
Not Found: /.env.test
Not Found: /.env.backup
Not Found: /.env.example
Not Found: /.env.sample
Not Found: /.env.old
Not Found: /.env.bak
Not Found: /.env.save
Not Found: /.env.orig
Not Found: /.env.swp
Not Found: /.env~
Not Found: /.env.tmp
Not Found: /.env.dist
Not Found: /api/.env
Not Found: /api/.env.save
Not Found: /api/.env.bak
Not Found: /api/.env.old
Not Found: /app/.env
Not Found: /app/.env.save
Not Found: /app/.env.bak
Not Found: /app/.env.old
Not Found: /config/.env
Not Found: /config/.env.save
Not Found: /config/.env.bak
Not Found: /config/.env.old
Not Found: /src/.env
Not Found: /src/.env.save
Not Found: /src/.env.bak
Not Found: /src/.env.old
Not Found: /public/.env
Not Found: /public/.env.save
Not Found: /public/.env.bak
Not Found: /public/.env.old
Not Found: /assets/.env
Not Found: /assets/.env.save
Not Found: /assets/.env.bak
Not Found: /assets/.env.old
Not Found: /includes/.env
Not Found: /includes/.env.save
Not Found: /includes/.env.bak
Not Found: /includes/.env.old
Not Found: /lib/.env
Not Found: /lib/.env.save
Not Found: /lib/.env.bak
Not Found: /lib/.env.old
Not Found: /application/.env
Not Found: /application/.env.save
Not Found: /application/.env.bak
Not Found: /application/.env.old
Not Found: /system/.env
Not Found: /system/.env.save
Not Found: /system/.env.bak
Not Found: /system/.env.old
Not Found: /core/.env
Not Found: /core/.env.save
Not Found: /core/.env.bak
Not Found: /core/.env.old
Not Found: /modules/.env
Not Found: /modules/.env.save
Not Found: /modules/.env.bak
Not Found: /modules/.env.old
Not Found: /plugins/.env
Not Found: /plugins/.env.save
Not Found: /plugins/.env.bak
Not Found: /plugins/.env.old
Not Found: /themes/.env
Not Found: /themes/.env.save
Not Found: /themes/.env.bak
Not Found: /themes/.env.old
Not Found: /vendor/.env
Not Found: /vendor/.env.save
Not Found: /vendor/.env.bak
Not Found: /vendor/.env.old
Not Found: /storage/.env
Not Found: /storage/.env.save
Not Found: /storage/.env.bak
Not Found: /storage/.env.old
Not Found: /phpinfo.php
Not Found: /info.php
Not Found: /php_info.php
Not Found: /phpinfo
Not Found: /test.php
Not Found: /info1.php
Not Found: /info2.php
Not Found: /php.php
Not Found: /pi.php
Not Found: /i.php
Not Found: /phpversion.php
Not Found: /php_version.php
Not Found: /serverinfo.php
Not Found: /server.php
Not Found: /debug.php
Not Found: /diagnostic.php
Not Found: /phptest.php
Not Found: /check.php
Not Found: /phpinfo.php.save
Not Found: /info.php.save
Not Found: /php_info.php.save
Not Found: /test.php.save
Not Found: /phpinfo.php.bak
Not Found: /info.php.bak
Not Found: /php_info.php.bak
Not Found: /test.php.bak
Not Found: /phpinfo.php.old
Not Found: /info.php.old
Not Found: /php_info.php.old
Not Found: /test.php.old
Not Found: /phpinfo.php.orig
Not Found: /info.php.orig
Not Found: /php_info.php.orig
Not Found: /test.php.orig
Not Found: /phpinfo.php.backup
Not Found: /info.php.backup
Not Found: /php_info.php.backup
Not Found: /test.php.backup
Not Found: /phpinfo.php~
Not Found: /info.php~
Not Found: /php_info.php~
Not Found: /test.php~
Not Found: /phpinfo.php.swp
Not Found: /info.php.swp
Not Found: /php_info.php.swp
Not Found: /test.php.swp
Not Found: /phpinfo.php.tmp
Not Found: /info.php.tmp
Not Found: /php_info.php.tmp
Not Found: /test.php.tmp
Not Found: /test/phpinfo.php
Not Found: /test/info.php
Not Found: /test/phpinfo.php.save
Not Found: /test/info.php.save
Not Found: /dev/phpinfo.php
Not Found: /dev/info.php
Not Found: /dev/phpinfo.php.save
Not Found: /dev/info.php.save
Not Found: /tmp/phpinfo.php
Not Found: /tmp/info.php
Not Found: /tmp/phpinfo.php.save
Not Found: /tmp/info.php.save
Not Found: /includes/phpinfo.php
Not Found: /includes/info.php
Not Found: /includes/phpinfo.php.save
Not Found: /includes/info.php.save
Not Found: /scripts/phpinfo.php
Not Found: /scripts/info.php
Not Found: /scripts/phpinfo.php.save
Not Found: /scripts/info.php.save
Not Found: /cgi-bin/phpinfo.php
Not Found: /cgi-bin/info.php
Not Found: /cgi-bin/phpinfo.php.save
Not Found: /cgi-bin/info.php.save
Not Found: /public/phpinfo.php
Not Found: /public/info.php
Not Found: /public/phpinfo.php.save
Not Found: /public/info.php.save
Not Found: /web/phpinfo.php
Not Found: /web/info.php
Not Found: /web/phpinfo.php.save
Not Found: /web/info.php.save
Not Found: /www/phpinfo.php
Not Found: /www/info.php
Not Found: /www/phpinfo.php.save
Not Found: /www/info.php.save
Not Found: /site/phpinfo.php
Not Found: /site/info.php
Not Found: /site/phpinfo.php.save
Not Found: /site/info.php.save
Not Found: /wp-admin/setup-config.php
Not Found: /wp-admin/setup-config.php
Not Found: /wordpress/wp-admin/setup-config.php
Not Found: /wordpress/wp-admin/setup-config.php
Not Found: /wp-admin/setup-config.php
Not Found: /media/products/\u09ac\u09a6\u09ae_CE3Bi8m.jpeg/media/products/%E0%A6%AC%E0%A6%A6%E0%A6%AE_CE3Bi8m.jpeg
Not Found: /media/products/\u0996\u099c\u09b0.jpg/media/products/%E0%A6%96%E0%A6%9C%E0%A6%B0.jpg
Not Found: /media/products/\u09ac\u09a6\u09ae.jpeg/media/products/%E0%A6%AC%E0%A6%A6%E0%A6%AE.jpeg
Not Found: /media/products/\u0986\u0996\u09b0\u099f.jpg/media/products/%E0%A6%86%E0%A6%96%E0%A6%B0%E0%A6%9F.jpg
Not Found: /media/products/\u0995\u09b8\u09ae\u09b8.jpeg/media/products/%E0%A6%95%E0%A6%B8%E0%A6%AE%E0%A6%B8.jpeg
Not Found: /favicon.ico
Not Found: /media/products/\u0996\u099c\u09b0.jpg/media/products/%E0%A6%96%E0%A6%9C%E0%A6%B0.jpg
Not Found: /media/products/\u09ac\u09a6\u09ae_CE3Bi8m.jpeg/media/products/%E0%A6%AC%E0%A6%A6%E0%A6%AE_CE3Bi8m.jpeg
Not Found: /media/products/\u09ac\u09a6\u09ae.jpeg/media/products/%E0%A6%AC%E0%A6%A6%E0%A6%AE.jpeg
Not Found: /media/products/\u0986\u0996\u09b0\u099f.jpg/media/products/%E0%A6%86%E0%A6%96%E0%A6%B0%E0%A6%9F.jpg
Not Found: /media/products/\u0995\u09b8\u09ae\u09b8.jpeg/media/products/%E0%A6%95%E0%A6%B8%E0%A6%AE%E0%A6%B8.jpeg
Not Found: /media/products/\u09ac\u09a6\u09ae_CE3Bi8m.jpeg/media/products/%E0%A6%AC%E0%A6%A6%E0%A6%AE_CE3Bi8m.jpeg
Not Found: /static/js/facebook-pixel.js
Not Found: /media/products/\u0996\u099c\u09b0.jpg/media/products/%E0%A6%96%E0%A6%9C%E0%A6%B0.jpg
Not Found: /media/products/\u09ac\u09a6\u09ae.jpeg/media/products/%E0%A6%AC%E0%A6%A6%E0%A6%AE.jpeg
Not Found: /media/products/\u0986\u0996\u09b0\u099f.jpg/media/products/%E0%A6%86%E0%A6%96%E0%A6%B0%E0%A6%9F.jpg
Not Found: /media/products/\u0995\u09b8\u09ae\u09b8.jpeg/media/products/%E0%A6%95%E0%A6%B8%E0%A6%AE%E0%A6%B8.jpeg
Not Found: /favicon.ico
Not Found: /media/products/\u09ac\u09a6\u09ae_CE3Bi8m.jpeg/media/products/%E0%A6%AC%E0%A6%A6%E0%A6%AE_CE3Bi8m.jpeg
Not Found: /media/products/\u0995\u09b8\u09ae\u09b8.jpeg/media/products/%E0%A6%95%E0%A6%B8%E0%A6%AE%E0%A6%B8.jpeg
Not Found: /media/products/\u09ac\u09a6\u09ae.jpeg/media/products/%E0%A6%AC%E0%A6%A6%E0%A6%AE.jpeg
Not Found: /media/products/\u0986\u0996\u09b0\u099f.jpg/media/products/%E0%A6%86%E0%A6%96%E0%A6%B0%E0%A6%9F.jpg
Not Found: /media/products/\u0996\u099c\u09b0.jpg/media/products/%E0%A6%96%E0%A6%9C%E0%A6%B0.jpg
Not Found: /media/products/\u09ac\u09a6\u09ae_CE3Bi8m.jpeg/media/products/%E0%A6%AC%E0%A6%A6%E0%A6%AE_CE3Bi8m.jpeg
Not Found: /static/js/facebook-pixel.js
Not Found: /media/products/\u0996\u099c\u09b0.jpg/media/products/%E0%A6%96%E0%A6%9C%E0%A6%B0.jpg
Not Found: /media/products/\u09ac\u09a6\u09ae.jpeg/media/products/%E0%A6%AC%E0%A6%A6%E0%A6%AE.jpeg
Not Found: /media/products/\u0995\u09b8\u09ae\u09b8.jpeg/media/products/%E0%A6%95%E0%A6%B8%E0%A6%AE%E0%A6%B8.jpeg
Not Found: /media/products/\u0986\u0996\u09b0\u099f.jpg/media/products/%E0%A6%86%E0%A6%96%E0%A6%B0%E0%A6%9F.jpg
Not Found: /media/products/\u09ac\u09a6\u09ae_CE3Bi8m.jpeg/media/products/%E0%A6%AC%E0%A6%A6%E0%A6%AE_CE3Bi8m.jpeg
[UID:2314][2972411] Reached max children process limit: 6, extra: 2, current: 8, busy: 7, please increase LSAPI_CHILDREN.
Not Found: /media/products/\u0996\u099c\u09b0.jpg/media/products/%E0%A6%96%E0%A6%9C%E0%A6%B0.jpg
Not Found: /static/js/facebook-pixel.js
Not Found: /media/products/\u09ac\u09a6\u09ae.jpeg/media/products/%E0%A6%AC%E0%A6%A6%E0%A6%AE.jpeg
[UID:2314][2972411] Reached max children process limit: 6, extra: 2, current: 8, busy: 8, please increase LSAPI_CHILDREN.
[UID:2314][2972411] Reached max children process limit: 6, extra: 2, current: 8, busy: 8, please increase LSAPI_CHILDREN.
[UID:2314][2972411] Reached max children process limit: 6, extra: 2, current: 8, busy: 8, please increase LSAPI_CHILDREN.
[UID:2314][2972411] Reached max children process limit: 6, extra: 2, current: 8, busy: 8, please increase LSAPI_CHILDREN.
[UID:2314][2972411] Reached max children process limit: 6, extra: 2, current: 8, busy: 8, please increase LSAPI_CHILDREN.
[UID:2314][2972411] Reached max children process limit: 6, extra: 2, current: 8, busy: 8, please increase LSAPI_CHILDREN.
[UID:2314][2972411] Reached max children process limit: 6, extra: 2, current: 8, busy: 8, please increase LSAPI_CHILDREN.
[UID:2314][2972411] Reached max children process limit: 6, extra: 2, current: 8, busy: 8, please increase LSAPI_CHILDREN.
[UID:2314][2972411] Reached max children process limit: 6, extra: 2, current: 8, busy: 7, please increase LSAPI_CHILDREN.
Not Found: /media/products/\u0986\u0996\u09b0\u099f.jpg/media/products/%E0%A6%86%E0%A6%96%E0%A6%B0%E0%A6%9F.jpg
Not Found: /media/products/\u0995\u09b8\u09ae\u09b8.jpeg/media/products/%E0%A6%95%E0%A6%B8%E0%A6%AE%E0%A6%B8.jpeg
Not Found: /media/products/\u09ac\u09a6\u09ae_CE3Bi8m.jpeg/media/products/%E0%A6%AC%E0%A6%A6%E0%A6%AE_CE3Bi8m.jpeg
Not Found: /media/products/\u0996\u099c\u09b0.jpg/media/products/%E0%A6%96%E0%A6%9C%E0%A6%B0.jpg
Not Found: /static/js/facebook-pixel.js
Not Found: /media/products/\u09ac\u09a6\u09ae.jpeg/media/products/%E0%A6%AC%E0%A6%A6%E0%A6%AE.jpeg
Not Found: /media/products/\u0995\u09b8\u09ae\u09b8.jpeg/media/products/%E0%A6%95%E0%A6%B8%E0%A6%AE%E0%A6%B8.jpeg
Not Found: /media/products/\u0986\u0996\u09b0\u099f.jpg/media/products/%E0%A6%86%E0%A6%96%E0%A6%B0%E0%A6%9F.jpg
Not Found: /favicon.ico
Not Found: /privacy-policy
Not Found: /terms-conditions
Not Found: /media/products/\u09ac\u09a6\u09ae.jpeg/media/products/%E0%A6%AC%E0%A6%A6%E0%A6%AE.jpeg
Not Found: /media/products/\u0995\u09b8\u09ae\u09b8.jpeg/media/products/%E0%A6%95%E0%A6%B8%E0%A6%AE%E0%A6%B8.jpeg
Not Found: /media/products/\u09ac\u09a6\u09ae.jpeg/media/products/%E0%A6%AC%E0%A6%A6%E0%A6%AE.jpeg
Not Found: /media/products/\u09ac\u09a6\u09ae_CE3Bi8m.jpeg/media/products/%E0%A6%AC%E0%A6%A6%E0%A6%AE_CE3Bi8m.jpeg
Not Found: /media/products/\u0986\u0996\u09b0\u099f.jpg/media/products/%E0%A6%86%E0%A6%96%E0%A6%B0%E0%A6%9F.jpg
Not Found: /media/products/\u0996\u099c\u09b0.jpg/media/products/%E0%A6%96%E0%A6%9C%E0%A6%B0.jpg
Not Found: /media/products/\u0995\u09b8\u09ae\u09b8.jpeg/media/products/%E0%A6%95%E0%A6%B8%E0%A6%AE%E0%A6%B8.jpeg
Invalid HTTP_HOST header: 'www.amarfreshbd.com'. You may need to add 'www.amarfreshbd.com' to ALLOWED_HOSTS.
Traceback (most recent call last):
  File "/home/amarfres/virtualenv/amarfreshbd.com/3.11/lib/python3.11/site-packages/django/core/handlers/exception.py", line 55, in inner
    response = get_response(request)
               ^^^^^^^^^^^^^^^^^^^^^
  File "/home/amarfres/virtualenv/amarfreshbd.com/3.11/lib/python3.11/site-packages/django/utils/deprecation.py", line 119, in __call__
    response = self.process_request(request)
               ^^^^^^^^^^^^^^^^^^^^^^^^^^^^^
  File "/home/amarfres/virtualenv/amarfreshbd.com/3.11/lib/python3.11/site-packages/django/middleware/common.py", line 48, in process_request
    host = request.get_host()
           ^^^^^^^^^^^^^^^^^^
  File "/home/amarfres/virtualenv/amarfreshbd.com/3.11/lib/python3.11/site-packages/django/http/request.py", line 202, in get_host
    raise DisallowedHost(msg)
django.core.exceptions.DisallowedHost: Invalid HTTP_HOST header: 'www.amarfreshbd.com'. You may need to add 'www.amarfreshbd.com' to ALLOWED_HOSTS.
Not Found: /media/products/\u09ac\u09a6\u09ae_CE3Bi8m.jpeg/media/products/%E0%A6%AC%E0%A6%A6%E0%A6%AE_CE3Bi8m.jpeg
Not Found: /static/js/facebook-pixel.js
Not Found: /media/products/\u0996\u099c\u09b0.jpg/media/products/%E0%A6%96%E0%A6%9C%E0%A6%B0.jpg
Not Found: /media/products/\u09ac\u09a6\u09ae.jpeg/media/products/%E0%A6%AC%E0%A6%A6%E0%A6%AE.jpeg
Not Found: /media/products/\u0986\u0996\u09b0\u099f.jpg/media/products/%E0%A6%86%E0%A6%96%E0%A6%B0%E0%A6%9F.jpg
Not Found: /media/products/\u0995\u09b8\u09ae\u09b8.jpeg/media/products/%E0%A6%95%E0%A6%B8%E0%A6%AE%E0%A6%B8.jpeg
Not Found: /static/images/login-bg.jpg
Not Found: /static/images/logo.svg
Not Found: /static/images/logo.svg
Not Found: /media/products/\u09ac\u09a6\u09ae_CE3Bi8m.jpeg/media/products/%E0%A6%AC%E0%A6%A6%E0%A6%AE_CE3Bi8m.jpeg
Not Found: /static/images/logo.svg
Not Found: /media/products/\u0996\u099c\u09b0.jpg/media/products/%E0%A6%96%E0%A6%9C%E0%A6%B0.jpg
Not Found: /media/products/\u09ac\u09a6\u09ae.jpeg/media/products/%E0%A6%AC%E0%A6%A6%E0%A6%AE.jpeg
Not Found: /media/products/\u0986\u0996\u09b0\u099f.jpg/media/products/%E0%A6%86%E0%A6%96%E0%A6%B0%E0%A6%9F.jpg
Not Found: /media/products/\u0995\u09b8\u09ae\u09b8.jpeg/media/products/%E0%A6%95%E0%A6%B8%E0%A6%AE%E0%A6%B8.jpeg
Not Found: /static/images/logo.svg
Not Found: /static/images/logo.svg
Not Found: /media/products/\u09ac\u09a6\u09ae_CE3Bi8m.jpeg/media/products/%E0%A6%AC%E0%A6%A6%E0%A6%AE_CE3Bi8m.jpeg
Not Found: /media/products/\u0996\u099c\u09b0.jpg/media/products/%E0%A6%96%E0%A6%9C%E0%A6%B0.jpg
Not Found: /media/products/\u0986\u0996\u09b0\u099f.jpg/media/products/%E0%A6%86%E0%A6%96%E0%A6%B0%E0%A6%9F.jpg
Not Found: /media/products/\u09ac\u09a6\u09ae.jpeg/media/products/%E0%A6%AC%E0%A6%A6%E0%A6%AE.jpeg
Not Found: /media/products/\u0995\u09b8\u09ae\u09b8.jpeg/media/products/%E0%A6%95%E0%A6%B8%E0%A6%AE%E0%A6%B8.jpeg
Not Found: /static/images/logo.svg
Not Found: /static/images/logo.svg
Not Found: /static/images/logo.svg
Not Found: /static/images/logo.svg
Not Found: /static/images/logo.svg
Not Found: /static/images/logo.svg
Not Found: /static/images/logo.svg
Not Found: /static/images/logo.svg
Not Found: /static/images/logo.svg
Not Found: /static/images/logo.svg
Not Found: /static/images/logo.svg
Not Found: /static/images/logo.svg
Not Found: /static/images/logo.svg
Not Found: /media/products/\u0996\u099c\u09b0.jpg/media/products/%E0%A6%96%E0%A6%9C%E0%A6%B0.jpg
Not Found: /media/products/\u09ac\u09a6\u09ae_CE3Bi8m.jpeg/media/products/%E0%A6%AC%E0%A6%A6%E0%A6%AE_CE3Bi8m.jpeg
Not Found: /static/js/facebook-pixel.js
Not Found: /media/products/\u09ac\u09a6\u09ae.jpeg/media/products/%E0%A6%AC%E0%A6%A6%E0%A6%AE.jpeg
Not Found: /media/products/\u0986\u0996\u09b0\u099f.jpg/media/products/%E0%A6%86%E0%A6%96%E0%A6%B0%E0%A6%9F.jpg
Not Found: /media/products/\u0995\u09b8\u09ae\u09b8.jpeg/media/products/%E0%A6%95%E0%A6%B8%E0%A6%AE%E0%A6%B8.jpeg
Not Found: /media/products/\u0996\u099c\u09b0.jpg/media/products/%E0%A6%96%E0%A6%9C%E0%A6%B0.jpg
Not Found: /media/products/\u0996\u099c\u09b0.jpg/media/products/%E0%A6%96%E0%A6%9C%E0%A6%B0.jpg
Not Found: /static/js/facebook-pixel.js
Not Found: /media/products/\u09ac\u09a6\u09ae_CE3Bi8m.jpeg/media/products/%E0%A6%AC%E0%A6%A6%E0%A6%AE_CE3Bi8m.jpeg
Not Found: /media/products/\u09ac\u09a6\u09ae.jpeg/media/products/%E0%A6%AC%E0%A6%A6%E0%A6%AE.jpeg
Not Found: /media/products/\u0986\u0996\u09b0\u099f.jpg/media/products/%E0%A6%86%E0%A6%96%E0%A6%B0%E0%A6%9F.jpg
Not Found: /media/products/\u0995\u09b8\u09ae\u09b8.jpeg/media/products/%E0%A6%95%E0%A6%B8%E0%A6%AE%E0%A6%B8.jpeg
Not Found: /media/products/\u0996\u099c\u09b0.jpg/media/products/%E0%A6%96%E0%A6%9C%E0%A6%B0.jpg
Not Found: /static/images/logo.svg
Not Found: /static/images/logo.svg
Not Found: /static/images/logo.svg
Not Found: /media/products/\u0996\u099c\u09b0.jpg/media/products/%E0%A6%96%E0%A6%9C%E0%A6%B0.jpg
Not Found: /media/products/\u09ac\u09a6\u09ae_CE3Bi8m.jpeg/media/products/%E0%A6%AC%E0%A6%A6%E0%A6%AE_CE3Bi8m.jpeg
Not Found: /static/js/facebook-pixel.js
Not Found: /media/products/\u09ac\u09a6\u09ae.jpeg/media/products/%E0%A6%AC%E0%A6%A6%E0%A6%AE.jpeg
Not Found: /media/products/\u0995\u09b8\u09ae\u09b8.jpeg/media/products/%E0%A6%95%E0%A6%B8%E0%A6%AE%E0%A6%B8.jpeg
Not Found: /media/products/\u0986\u0996\u09b0\u099f.jpg/media/products/%E0%A6%86%E0%A6%96%E0%A6%B0%E0%A6%9F.jpg
Not Found: /media/products/\u0996\u099c\u09b0.jpg/media/products/%E0%A6%96%E0%A6%9C%E0%A6%B0.jpg
Not Found: /media/products/\u0996\u099c\u09b0.jpg/media/products/%E0%A6%96%E0%A6%9C%E0%A6%B0.jpg
Not Found: /static/js/facebook-pixel.js
Not Found: /media/products/\u09ac\u09a6\u09ae.jpeg/media/products/%E0%A6%AC%E0%A6%A6%E0%A6%AE.jpeg
Not Found: /media/products/\u0986\u0996\u09b0\u099f.jpg/media/products/%E0%A6%86%E0%A6%96%E0%A6%B0%E0%A6%9F.jpg
Not Found: /media/products/\u0995\u09b8\u09ae\u09b8.jpeg/media/products/%E0%A6%95%E0%A6%B8%E0%A6%AE%E0%A6%B8.jpeg
Not Found: /media/products/\u09ac\u09a6\u09ae_CE3Bi8m.jpeg/media/products/%E0%A6%AC%E0%A6%A6%E0%A6%AE_CE3Bi8m.jpeg
Not Found: /media/products/\u0996\u099c\u09b0.jpg/media/products/%E0%A6%96%E0%A6%9C%E0%A6%B0.jpg
Not Found: /static/images/logo.svg
Not Found: /static/images/logo.svg
Not Found: /static/images/logo.svg
Not Found: /media/products/\u0996\u099c\u09b0.jpg/media/products/%E0%A6%96%E0%A6%9C%E0%A6%B0.jpg
Not Found: /media/products/\u09ac\u09a6\u09ae_CE3Bi8m.jpeg/media/products/%E0%A6%AC%E0%A6%A6%E0%A6%AE_CE3Bi8m.jpeg
Not Found: /static/js/facebook-pixel.js
Not Found: /media/products/\u09ac\u09a6\u09ae.jpeg/media/products/%E0%A6%AC%E0%A6%A6%E0%A6%AE.jpeg
Not Found: /media/products/\u0986\u0996\u09b0\u099f.jpg/media/products/%E0%A6%86%E0%A6%96%E0%A6%B0%E0%A6%9F.jpg
Not Found: /media/products/\u0995\u09b8\u09ae\u09b8.jpeg/media/products/%E0%A6%95%E0%A6%B8%E0%A6%AE%E0%A6%B8.jpeg
Not Found: /media/products/\u0996\u099c\u09b0.jpg/media/products/%E0%A6%96%E0%A6%9C%E0%A6%B0.jpg
Not Found: /static/images/logo.svg
Not Found: /static/images/logo.svg
Not Found: /media/products/\u0996\u099c\u09b0.jpg/media/products/%E0%A6%96%E0%A6%9C%E0%A6%B0.jpg
Not Found: /media/products/\u09ac\u09a6\u09ae.jpeg/media/products/%E0%A6%AC%E0%A6%A6%E0%A6%AE.jpeg
Not Found: /media/products/\u09ac\u09a6\u09ae_CE3Bi8m.jpeg/media/products/%E0%A6%AC%E0%A6%A6%E0%A6%AE_CE3Bi8m.jpeg
Not Found: /media/products/\u0986\u0996\u09b0\u099f.jpg/media/products/%E0%A6%86%E0%A6%96%E0%A6%B0%E0%A6%9F.jpg
Not Found: /media/products/\u0995\u09b8\u09ae\u09b8.jpeg/media/products/%E0%A6%95%E0%A6%B8%E0%A6%AE%E0%A6%B8.jpeg
Not Found: /static/js/facebook-pixel.js
Not Found: /static/images/logo.svg
Not Found: /media/products/\u09ac\u09a6\u09ae_CE3Bi8m.jpeg/media/products/%E0%A6%AC%E0%A6%A6%E0%A6%AE_CE3Bi8m.jpeg
Not Found: /media/products/\u0996\u099c\u09b0.jpg/media/products/%E0%A6%96%E0%A6%9C%E0%A6%B0.jpg
Not Found: /media/products/\u09ac\u09a6\u09ae.jpeg/media/products/%E0%A6%AC%E0%A6%A6%E0%A6%AE.jpeg
Not Found: /media/products/\u0986\u0996\u09b0\u099f.jpg/media/products/%E0%A6%86%E0%A6%96%E0%A6%B0%E0%A6%9F.jpg
Not Found: /media/products/\u0995\u09b8\u09ae\u09b8.jpeg/media/products/%E0%A6%95%E0%A6%B8%E0%A6%AE%E0%A6%B8.jpeg
Not Found: /media/products/\u09ac\u09a6\u09ae_CE3Bi8m.jpeg/media/products/%E0%A6%AC%E0%A6%A6%E0%A6%AE_CE3Bi8m.jpeg
Not Found: /static/images/logo.svg
Internal Server Error: /admin/ecommerce/product/8/change/
Traceback (most recent call last):
  File "/home/amarfres/virtualenv/amarfreshbd.com/3.11/lib/python3.11/site-packages/django/core/handlers/exception.py", line 55, in inner
    response = get_response(request)
               ^^^^^^^^^^^^^^^^^^^^^
  File "/home/amarfres/virtualenv/amarfreshbd.com/3.11/lib/python3.11/site-packages/django/core/handlers/base.py", line 197, in _get_response
    response = wrapped_callback(request, *callback_args, **callback_kwargs)
               ^^^^^^^^^^^^^^^^^^^^^^^^^^^^^^^^^^^^^^^^^^^^^^^^^^^^^^^^^^^^
  File "/home/amarfres/virtualenv/amarfreshbd.com/3.11/lib/python3.11/site-packages/django/contrib/admin/options.py", line 719, in wrapper
    return self.admin_site.admin_view(view)(*args, **kwargs)
           ^^^^^^^^^^^^^^^^^^^^^^^^^^^^^^^^^^^^^^^^^^^^^^^^^
  File "/home/amarfres/virtualenv/amarfreshbd.com/3.11/lib/python3.11/site-packages/django/utils/decorators.py", line 192, in _view_wrapper
    result = _process_exception(request, e)
             ^^^^^^^^^^^^^^^^^^^^^^^^^^^^^^
  File "/home/amarfres/virtualenv/amarfreshbd.com/3.11/lib/python3.11/site-packages/django/utils/decorators.py", line 190, in _view_wrapper
    response = view_func(request, *args, **kwargs)
               ^^^^^^^^^^^^^^^^^^^^^^^^^^^^^^^^^^^
  File "/home/amarfres/virtualenv/amarfreshbd.com/3.11/lib/python3.11/site-packages/django/views/decorators/cache.py", line 80, in _view_wrapper
    response = view_func(request, *args, **kwargs)
               ^^^^^^^^^^^^^^^^^^^^^^^^^^^^^^^^^^^
  File "/home/amarfres/virtualenv/amarfreshbd.com/3.11/lib/python3.11/site-packages/django/contrib/admin/sites.py", line 246, in inner
    return view(request, *args, **kwargs)
           ^^^^^^^^^^^^^^^^^^^^^^^^^^^^^^
  File "/home/amarfres/virtualenv/amarfreshbd.com/3.11/lib/python3.11/site-packages/django/contrib/admin/options.py", line 1987, in change_view
    return self.changeform_view(request, object_id, form_url, extra_context)
           ^^^^^^^^^^^^^^^^^^^^^^^^^^^^^^^^^^^^^^^^^^^^^^^^^^^^^^^^^^^^^^^^^
  File "/home/amarfres/virtualenv/amarfreshbd.com/3.11/lib/python3.11/site-packages/unfold/mixins/base_model_admin.py", line 42, in changeform_view
    return super().changeform_view(request, object_id, form_url, extra_context)
           ^^^^^^^^^^^^^^^^^^^^^^^^^^^^^^^^^^^^^^^^^^^^^^^^^^^^^^^^^^^^^^^^^^^^
  File "/home/amarfres/virtualenv/amarfreshbd.com/3.11/lib/python3.11/site-packages/unfold/mixins/action_model_admin.py", line 92, in changeform_view
    return super().changeform_view(request, object_id, form_url, extra_context)
           ^^^^^^^^^^^^^^^^^^^^^^^^^^^^^^^^^^^^^^^^^^^^^^^^^^^^^^^^^^^^^^^^^^^^
  File "/home/amarfres/virtualenv/amarfreshbd.com/3.11/lib/python3.11/site-packages/django/utils/decorators.py", line 48, in _wrapper
    return bound_method(*args, **kwargs)
           ^^^^^^^^^^^^^^^^^^^^^^^^^^^^^
  File "/home/amarfres/virtualenv/amarfreshbd.com/3.11/lib/python3.11/site-packages/django/utils/decorators.py", line 192, in _view_wrapper
    result = _process_exception(request, e)
             ^^^^^^^^^^^^^^^^^^^^^^^^^^^^^^
  File "/home/amarfres/virtualenv/amarfreshbd.com/3.11/lib/python3.11/site-packages/django/utils/decorators.py", line 190, in _view_wrapper
    response = view_func(request, *args, **kwargs)
               ^^^^^^^^^^^^^^^^^^^^^^^^^^^^^^^^^^^
  File "/home/amarfres/virtualenv/amarfreshbd.com/3.11/lib/python3.11/site-packages/django/contrib/admin/options.py", line 1843, in changeform_view
    return self._changeform_view(request, object_id, form_url, extra_context)
           ^^^^^^^^^^^^^^^^^^^^^^^^^^^^^^^^^^^^^^^^^^^^^^^^^^^^^^^^^^^^^^^^^^
  File "/home/amarfres/virtualenv/amarfreshbd.com/3.11/lib/python3.11/site-packages/django/contrib/admin/options.py", line 1894, in _changeform_view
    self.save_model(request, new_object, form, not add)
  File "/home/amarfres/virtualenv/amarfreshbd.com/3.11/lib/python3.11/site-packages/unfold/mixins/action_model_admin.py", line 100, in save_model
    super().save_model(request, obj, form, change)
  File "/home/amarfres/virtualenv/amarfreshbd.com/3.11/lib/python3.11/site-packages/django/contrib/admin/options.py", line 1314, in save_model
    obj.save()
  File "/home/amarfres/virtualenv/amarfreshbd.com/3.11/lib/python3.11/site-packages/django/db/models/base.py", line 902, in save
    self.save_base(
  File "/home/amarfres/virtualenv/amarfreshbd.com/3.11/lib/python3.11/site-packages/django/db/models/base.py", line 1008, in save_base
    updated = self._save_table(
              ^^^^^^^^^^^^^^^^^
  File "/home/amarfres/virtualenv/amarfreshbd.com/3.11/lib/python3.11/site-packages/django/db/models/base.py", line 1128, in _save_table
    values = [
             ^
  File "/home/amarfres/virtualenv/amarfreshbd.com/3.11/lib/python3.11/site-packages/django/db/models/base.py", line 1132, in <listcomp>
    (getattr(self, f.attname) if raw else f.pre_save(self, False)),
                                          ^^^^^^^^^^^^^^^^^^^^^^^
  File "/home/amarfres/virtualenv/amarfreshbd.com/3.11/lib/python3.11/site-packages/django/db/models/fields/files.py", line 338, in pre_save
    file.save(file.name, file.file, save=False)
  File "/home/amarfres/virtualenv/amarfreshbd.com/3.11/lib/python3.11/site-packages/django/db/models/fields/files.py", line 99, in save
    self.name = self.storage.save(name, content, max_length=self.field.max_length)
                ^^^^^^^^^^^^^^^^^^^^^^^^^^^^^^^^^^^^^^^^^^^^^^^^^^^^^^^^^^^^^^^^^^
  File "/home/amarfres/virtualenv/amarfreshbd.com/3.11/lib/python3.11/site-packages/django/core/files/storage/base.py", line 49, in save
    name = self._save(name, content)
           ^^^^^^^^^^^^^^^^^^^^^^^^^
  File "/home/amarfres/virtualenv/amarfreshbd.com/3.11/lib/python3.11/site-packages/django/core/files/storage/filesystem.py", line 137, in _save
    fd = os.open(full_path, open_flags, 0o666)
         ^^^^^^^^^^^^^^^^^^^^^^^^^^^^^^^^^^^^^
UnicodeEncodeError: 'ascii' codec can't encode characters in position 46-48: ordinal not in range(128)
Not Found: /media/products/\u0996\u099c\u09b0.jpg/media/products/%E0%A6%96%E0%A6%9C%E0%A6%B0.jpg
Not Found: /media/products/\u09ac\u09a6\u09ae_CE3Bi8m.jpeg/media/products/%E0%A6%AC%E0%A6%A6%E0%A6%AE_CE3Bi8m.jpeg
Not Found: /static/js/facebook-pixel.js
Not Found: /media/products/\u0986\u0996\u09b0\u099f.jpg/media/products/%E0%A6%86%E0%A6%96%E0%A6%B0%E0%A6%9F.jpg
Not Found: /media/products/\u0995\u09b8\u09ae\u09b8.jpeg/media/products/%E0%A6%95%E0%A6%B8%E0%A6%AE%E0%A6%B8.jpeg
Not Found: /media/products/\u09ac\u09a6\u09ae.jpeg/media/products/%E0%A6%AC%E0%A6%A6%E0%A6%AE.jpeg
Not Found: /media/products/\u0996\u099c\u09b0.jpg/media/products/%E0%A6%96%E0%A6%9C%E0%A6%B0.jpg
Not Found: /media/products/\u0996\u099c\u09b0.jpg/media/products/%E0%A6%96%E0%A6%9C%E0%A6%B0.jpg
Not Found: /media/products/\u0986\u0996\u09b0\u099f.jpg/media/products/%E0%A6%86%E0%A6%96%E0%A6%B0%E0%A6%9F.jpg
Not Found: /media/products/\u0995\u09b8\u09ae\u09b8.jpeg/media/products/%E0%A6%95%E0%A6%B8%E0%A6%AE%E0%A6%B8.jpeg
Not Found: /media/products/\u09ac\u09a6\u09ae_CE3Bi8m.jpeg/media/products/%E0%A6%AC%E0%A6%A6%E0%A6%AE_CE3Bi8m.jpeg
Not Found: /media/products/\u09ac\u09a6\u09ae.jpeg/media/products/%E0%A6%AC%E0%A6%A6%E0%A6%AE.jpeg
Not Found: /media/products/\u0996\u099c\u09b0.jpg/media/products/%E0%A6%96%E0%A6%9C%E0%A6%B0.jpg
Not Found: /media/products/\u0986\u0996\u09b0\u099f.jpg/media/products/%E0%A6%86%E0%A6%96%E0%A6%B0%E0%A6%9F.jpg
Not Found: /media/products/\u09ac\u09a6\u09ae_CE3Bi8m.jpeg/media/products/%E0%A6%AC%E0%A6%A6%E0%A6%AE_CE3Bi8m.jpeg
Not Found: /media/products/\u09ac\u09a6\u09ae.jpeg/media/products/%E0%A6%AC%E0%A6%A6%E0%A6%AE.jpeg
Not Found: /static/js/facebook-pixel.js
Not Found: /media/products/\u0995\u09b8\u09ae\u09b8.jpeg/media/products/%E0%A6%95%E0%A6%B8%E0%A6%AE%E0%A6%B8.jpeg
Not Found: /static/images/logo.svg
Not Found: /media/products/\u09ac\u09a6\u09ae_CE3Bi8m.jpeg/media/products/%E0%A6%AC%E0%A6%A6%E0%A6%AE_CE3Bi8m.jpeg
Not Found: /static/images/logo.svg
Not Found: /media/products/\u0996\u099c\u09b0.jpg/media/products/%E0%A6%96%E0%A6%9C%E0%A6%B0.jpg
Not Found: /media/products/\u09ac\u09a6\u09ae.jpeg/media/products/%E0%A6%AC%E0%A6%A6%E0%A6%AE.jpeg
Not Found: /media/products/\u0986\u0996\u09b0\u099f.jpg/media/products/%E0%A6%86%E0%A6%96%E0%A6%B0%E0%A6%9F.jpg
Not Found: /media/products/\u0995\u09b8\u09ae\u09b8.jpeg/media/products/%E0%A6%95%E0%A6%B8%E0%A6%AE%E0%A6%B8.jpeg
Not Found: /media/products/\u09ac\u09a6\u09ae.jpeg/media/products/%E0%A6%AC%E0%A6%A6%E0%A6%AE.jpeg
Not Found: /media/products/\u0986\u0996\u09b0\u099f.jpg/media/products/%E0%A6%86%E0%A6%96%E0%A6%B0%E0%A6%9F.jpg
Not Found: /media/products/\u0995\u09b8\u09ae\u09b8.jpeg/media/products/%E0%A6%95%E0%A6%B8%E0%A6%AE%E0%A6%B8.jpeg
Not Found: /media/products/\u0996\u099c\u09b0.jpg/media/products/%E0%A6%96%E0%A6%9C%E0%A6%B0.jpg
Not Found: /static/js/facebook-pixel.js
Not Found: /media/products/\u0996\u099c\u09b0.jpg/media/products/%E0%A6%96%E0%A6%9C%E0%A6%B0.jpg
Not Found: /static/images/logo.svg
Not Found: /static/images/logo.svg
Not Found: /media/products/\u0986\u0996\u09b0\u099f.jpg/media/products/%E0%A6%86%E0%A6%96%E0%A6%B0%E0%A6%9F.jpg
Not Found: /media/products/\u0995\u09b8\u09ae\u09b8.jpeg/media/products/%E0%A6%95%E0%A6%B8%E0%A6%AE%E0%A6%B8.jpeg
Not Found: /media/products/\u09ac\u09a6\u09ae.jpeg/media/products/%E0%A6%AC%E0%A6%A6%E0%A6%AE.jpeg
Not Found: /static/images/logo.svg
Not Found: /media/products/\u09ac\u09a6\u09ae.jpeg/media/products/%E0%A6%AC%E0%A6%A6%E0%A6%AE.jpeg
Not Found: /static/images/logo.svg
Not Found: /static/images/logo.svg
Not Found: /media/products/\u09ac\u09a6\u09ae.jpeg/media/products/%E0%A6%AC%E0%A6%A6%E0%A6%AE.jpeg
Not Found: /media/products/\u0995\u09b8\u09ae\u09b8.jpeg/media/products/%E0%A6%95%E0%A6%B8%E0%A6%AE%E0%A6%B8.jpeg
Not Found: /media/products/\u0986\u0996\u09b0\u099f.jpg/media/products/%E0%A6%86%E0%A6%96%E0%A6%B0%E0%A6%9F.jpg
Not Found: /static/images/logo.svg
Not Found: /media/products/\u09ac\u09a6\u09ae.jpeg/media/products/%E0%A6%AC%E0%A6%A6%E0%A6%AE.jpeg
Not Found: /static/images/logo.svg
Not Found: /media/products/\u0995\u09b8\u09ae\u09b8.jpeg/media/products/%E0%A6%95%E0%A6%B8%E0%A6%AE%E0%A6%B8.jpeg
Not Found: /media/products/\u0986\u0996\u09b0\u099f.jpg/media/products/%E0%A6%86%E0%A6%96%E0%A6%B0%E0%A6%9F.jpg
Not Found: /static/js/facebook-pixel.js
Not Found: /media/products/\u0995\u09b8\u09ae\u09b8.jpeg/media/products/%E0%A6%95%E0%A6%B8%E0%A6%AE%E0%A6%B8.jpeg
Not Found: /media/products/\u0986\u0996\u09b0\u099f.jpg/media/products/%E0%A6%86%E0%A6%96%E0%A6%B0%E0%A6%9F.jpg
Not Found: /static/images/logo.svg
Not Found: /media/products/\u0986\u0996\u09b0\u099f.jpg/media/products/%E0%A6%86%E0%A6%96%E0%A6%B0%E0%A6%9F.jpg
Not Found: /media/products/\u0986\u0996\u09b0\u099f.jpg/media/products/%E0%A6%86%E0%A6%96%E0%A6%B0%E0%A6%9F.jpg
Not Found: /static/js/facebook-pixel.js
Not Found: /media/products/\u0995\u09b8\u09ae\u09b8.jpeg/media/products/%E0%A6%95%E0%A6%B8%E0%A6%AE%E0%A6%B8.jpeg
Not Found: /static/images/logo.svg
Not Found: /media/products/\u0995\u09b8\u09ae\u09b8.jpeg/media/products/%E0%A6%95%E0%A6%B8%E0%A6%AE%E0%A6%B8.jpeg
Not Found: /media/products/\u0995\u09b8\u09ae\u09b8.jpeg/media/products/%E0%A6%95%E0%A6%B8%E0%A6%AE%E0%A6%B8.jpeg
Not Found: /static/js/facebook-pixel.js
Not Found: /static/images/logo.svg
Not Found: /media/products/\u0995\u09b8\u09ae\u09b8.jpeg/media/products/%E0%A6%95%E0%A6%B8%E0%A6%AE%E0%A6%B8.jpeg
Not Found: /static/images/logo.svg
Not Found: /static/js/facebook-pixel.js
Not Found: /static/js/facebook-pixel.js
Not Found: /static/js/facebook-pixel.js
Not Found: /static/js/facebook-pixel.js
Internal Server Error: /sitemap.xml
Traceback (most recent call last):
  File "/home/amarfres/virtualenv/amarfreshbd.com/3.11/lib/python3.11/site-packages/django/core/handlers/exception.py", line 55, in inner
    response = get_response(request)
               ^^^^^^^^^^^^^^^^^^^^^
  File "/home/amarfres/virtualenv/amarfreshbd.com/3.11/lib/python3.11/site-packages/django/core/handlers/base.py", line 220, in _get_response
    response = response.render()
               ^^^^^^^^^^^^^^^^^
  File "/home/amarfres/virtualenv/amarfreshbd.com/3.11/lib/python3.11/site-packages/django/template/response.py", line 114, in render
    self.content = self.rendered_content
                   ^^^^^^^^^^^^^^^^^^^^^
  File "/home/amarfres/virtualenv/amarfreshbd.com/3.11/lib/python3.11/site-packages/django/template/response.py", line 90, in rendered_content
    template = self.resolve_template(self.template_name)
               ^^^^^^^^^^^^^^^^^^^^^^^^^^^^^^^^^^^^^^^^^
  File "/home/amarfres/virtualenv/amarfreshbd.com/3.11/lib/python3.11/site-packages/django/template/response.py", line 74, in resolve_template
    return get_template(template, using=self.using)
           ^^^^^^^^^^^^^^^^^^^^^^^^^^^^^^^^^^^^^^^^
  File "/home/amarfres/virtualenv/amarfreshbd.com/3.11/lib/python3.11/site-packages/django/template/loader.py", line 19, in get_template
    raise TemplateDoesNotExist(template_name, chain=chain)
django.template.exceptions.TemplateDoesNotExist: sitemap.xml
Not Found: /static/js/facebook-pixel.js
Not Found: /static/js/facebook-pixel.js
Not Found: /static/js/facebook-pixel.js
Not Found: /static/js/facebook-pixel.js
Not Found: /static/js/facebook-pixel.js
Not Found: /static/js/facebook-pixel.js
Not Found: /favicon.ico
Not Found: /terms-conditions
Not Found: /wp-login.php
Not Found: /return-policy
Not Found: /static/js/facebook-pixel.js
Not Found: /static/js/facebook-pixel.js
Not Found: /static/js/facebook-pixel.js
Not Found: /static/js/facebook-pixel.js
Invalid HTTP_HOST header: 'mail.amarfreshbd.com'. You may need to add 'mail.amarfreshbd.com' to ALLOWED_HOSTS.
Traceback (most recent call last):
  File "/home/amarfres/virtualenv/amarfreshbd.com/3.11/lib/python3.11/site-packages/django/core/handlers/exception.py", line 55, in inner
    response = get_response(request)
               ^^^^^^^^^^^^^^^^^^^^^
  File "/home/amarfres/virtualenv/amarfreshbd.com/3.11/lib/python3.11/site-packages/django/utils/deprecation.py", line 119, in __call__
    response = self.process_request(request)
               ^^^^^^^^^^^^^^^^^^^^^^^^^^^^^
  File "/home/amarfres/virtualenv/amarfreshbd.com/3.11/lib/python3.11/site-packages/django/middleware/common.py", line 48, in process_request
    host = request.get_host()
           ^^^^^^^^^^^^^^^^^^
  File "/home/amarfres/virtualenv/amarfreshbd.com/3.11/lib/python3.11/site-packages/django/http/request.py", line 202, in get_host
    raise DisallowedHost(msg)
django.core.exceptions.DisallowedHost: Invalid HTTP_HOST header: 'mail.amarfreshbd.com'. You may need to add 'mail.amarfreshbd.com' to ALLOWED_HOSTS.
Not Found: /wp-includes/wlwmanifest.xml
Not Found: /xmlrpc.php
Not Found: /blog/wp-includes/wlwmanifest.xml
Not Found: /web/wp-includes/wlwmanifest.xml
Not Found: /wordpress/wp-includes/wlwmanifest.xml
Not Found: /website/wp-includes/wlwmanifest.xml
Not Found: /wp/wp-includes/wlwmanifest.xml
Not Found: /news/wp-includes/wlwmanifest.xml
Not Found: /2018/wp-includes/wlwmanifest.xml
Not Found: /2019/wp-includes/wlwmanifest.xml
Not Found: /shop/wp-includes/wlwmanifest.xml
Not Found: /wp1/wp-includes/wlwmanifest.xml
Not Found: /test/wp-includes/wlwmanifest.xml
Not Found: /media/wp-includes/wlwmanifest.xml
Not Found: /wp2/wp-includes/wlwmanifest.xml
Not Found: /site/wp-includes/wlwmanifest.xml
Not Found: /cms/wp-includes/wlwmanifest.xml
Not Found: /sito/wp-includes/wlwmanifest.xml
Not Found: /static/js/facebook-pixel.js
Invalid HTTP_HOST header: 'mail.amarfreshbd.com'. You may need to add 'mail.amarfreshbd.com' to ALLOWED_HOSTS.
Traceback (most recent call last):
  File "/home/amarfres/virtualenv/amarfreshbd.com/3.11/lib/python3.11/site-packages/django/core/handlers/exception.py", line 55, in inner
    response = get_response(request)
               ^^^^^^^^^^^^^^^^^^^^^
  File "/home/amarfres/virtualenv/amarfreshbd.com/3.11/lib/python3.11/site-packages/django/utils/deprecation.py", line 119, in __call__
    response = self.process_request(request)
               ^^^^^^^^^^^^^^^^^^^^^^^^^^^^^
  File "/home/amarfres/virtualenv/amarfreshbd.com/3.11/lib/python3.11/site-packages/django/middleware/common.py", line 48, in process_request
    host = request.get_host()
           ^^^^^^^^^^^^^^^^^^
  File "/home/amarfres/virtualenv/amarfreshbd.com/3.11/lib/python3.11/site-packages/django/http/request.py", line 202, in get_host
    raise DisallowedHost(msg)
django.core.exceptions.DisallowedHost: Invalid HTTP_HOST header: 'mail.amarfreshbd.com'. You may need to add 'mail.amarfreshbd.com' to ALLOWED_HOSTS.
Invalid HTTP_HOST header: 'mail.amarfreshbd.com'. You may need to add 'mail.amarfreshbd.com' to ALLOWED_HOSTS.
Traceback (most recent call last):
  File "/home/amarfres/virtualenv/amarfreshbd.com/3.11/lib/python3.11/site-packages/django/core/handlers/exception.py", line 55, in inner
    response = get_response(request)
               ^^^^^^^^^^^^^^^^^^^^^
  File "/home/amarfres/virtualenv/amarfreshbd.com/3.11/lib/python3.11/site-packages/django/utils/deprecation.py", line 119, in __call__
    response = self.process_request(request)
               ^^^^^^^^^^^^^^^^^^^^^^^^^^^^^
  File "/home/amarfres/virtualenv/amarfreshbd.com/3.11/lib/python3.11/site-packages/django/middleware/common.py", line 48, in process_request
    host = request.get_host()
           ^^^^^^^^^^^^^^^^^^
  File "/home/amarfres/virtualenv/amarfreshbd.com/3.11/lib/python3.11/site-packages/django/http/request.py", line 202, in get_host
    raise DisallowedHost(msg)
django.core.exceptions.DisallowedHost: Invalid HTTP_HOST header: 'mail.amarfreshbd.com'. You may need to add 'mail.amarfreshbd.com' to ALLOWED_HOSTS.
Invalid HTTP_HOST header: 'mail.amarfreshbd.com'. You may need to add 'mail.amarfreshbd.com' to ALLOWED_HOSTS.
Traceback (most recent call last):
  File "/home/amarfres/virtualenv/amarfreshbd.com/3.11/lib/python3.11/site-packages/django/core/handlers/exception.py", line 55, in inner
    response = get_response(request)
               ^^^^^^^^^^^^^^^^^^^^^
  File "/home/amarfres/virtualenv/amarfreshbd.com/3.11/lib/python3.11/site-packages/django/utils/deprecation.py", line 119, in __call__
    response = self.process_request(request)
               ^^^^^^^^^^^^^^^^^^^^^^^^^^^^^
  File "/home/amarfres/virtualenv/amarfreshbd.com/3.11/lib/python3.11/site-packages/django/middleware/common.py", line 48, in process_request
    host = request.get_host()
           ^^^^^^^^^^^^^^^^^^
  File "/home/amarfres/virtualenv/amarfreshbd.com/3.11/lib/python3.11/site-packages/django/http/request.py", line 202, in get_host
    raise DisallowedHost(msg)
django.core.exceptions.DisallowedHost: Invalid HTTP_HOST header: 'mail.amarfreshbd.com'. You may need to add 'mail.amarfreshbd.com' to ALLOWED_HOSTS.
Not Found: /static/js/facebook-pixel.js
Not Found: /favicon.ico
Not Found: /static/js/facebook-pixel.js
Not Found: /static/js/facebook-pixel.js
Not Found: /static/js/facebook-pixel.js
Not Found: /static/js/facebook-pixel.js
Not Found: /static/js/facebook-pixel.js
Not Found: /static/js/facebook-pixel.js
Not Found: /static/images/og-default.jpg
Not Found: /static/js/facebook-pixel.js
Not Found: /favicon.ico
Not Found: /static/js/facebook-pixel.js
Not Found: /static/images/login-bg.jpg
Not Found: /static/images/logo.svg
Not Found: /static/images/logo.svg
Not Found: /static/images/logo.svg
Not Found: /static/images/logo.svg
Not Found: /static/images/logo.svg
Invalid HTTP_HOST header: 'www.amarfreshbd.com'. You may need to add 'www.amarfreshbd.com' to ALLOWED_HOSTS.
Traceback (most recent call last):
  File "/home/amarfres/virtualenv/amarfreshbd.com/3.11/lib/python3.11/site-packages/django/core/handlers/exception.py", line 55, in inner
    response = get_response(request)
               ^^^^^^^^^^^^^^^^^^^^^
  File "/home/amarfres/virtualenv/amarfreshbd.com/3.11/lib/python3.11/site-packages/django/utils/deprecation.py", line 119, in __call__
    response = self.process_request(request)
               ^^^^^^^^^^^^^^^^^^^^^^^^^^^^^
  File "/home/amarfres/virtualenv/amarfreshbd.com/3.11/lib/python3.11/site-packages/django/middleware/common.py", line 48, in process_request
    host = request.get_host()
           ^^^^^^^^^^^^^^^^^^
  File "/home/amarfres/virtualenv/amarfreshbd.com/3.11/lib/python3.11/site-packages/django/http/request.py", line 202, in get_host
    raise DisallowedHost(msg)
django.core.exceptions.DisallowedHost: Invalid HTTP_HOST header: 'www.amarfreshbd.com'. You may need to add 'www.amarfreshbd.com' to ALLOWED_HOSTS.
Not Found: /privacy-policy
Not Found: /static/images/logo.svg
Not Found: /static/images/logo.svg
Not Found: /static/images/logo.svg
Not Found: /static/images/logo.svg
Not Found: /static/images/logo.svg
Not Found: /static/images/logo.svg
Not Found: /order/confirmation/eaaa7093-3b1b-402b-a/
Not Found: /order/confirmation/eaaa7093-3b1b-402b-a/
Not Found: /static/js/facebook-pixel.js
Not Found: /static/js/facebook-pixel.js
Not Found: /static/js/facebook-pixel.js
Not Found: /static/js/facebook-pixel.js
Not Found: /static/js/facebook-pixel.js
Not Found: /favicon.ico
Invalid HTTP_HOST header: 'mail.amarfreshbd.com'. You may need to add 'mail.amarfreshbd.com' to ALLOWED_HOSTS.
Traceback (most recent call last):
  File "/home/amarfres/virtualenv/amarfreshbd.com/3.11/lib/python3.11/site-packages/django/core/handlers/exception.py", line 55, in inner
    response = get_response(request)
               ^^^^^^^^^^^^^^^^^^^^^
  File "/home/amarfres/virtualenv/amarfreshbd.com/3.11/lib/python3.11/site-packages/django/utils/deprecation.py", line 119, in __call__
    response = self.process_request(request)
               ^^^^^^^^^^^^^^^^^^^^^^^^^^^^^
  File "/home/amarfres/virtualenv/amarfreshbd.com/3.11/lib/python3.11/site-packages/django/middleware/common.py", line 48, in process_request
    host = request.get_host()
           ^^^^^^^^^^^^^^^^^^
  File "/home/amarfres/virtualenv/amarfreshbd.com/3.11/lib/python3.11/site-packages/django/http/request.py", line 202, in get_host
    raise DisallowedHost(msg)
django.core.exceptions.DisallowedHost: Invalid HTTP_HOST header: 'mail.amarfreshbd.com'. You may need to add 'mail.amarfreshbd.com' to ALLOWED_HOSTS.
Not Found: /static/images/logo.svg
Not Found: /static/images/logo.svg
Not Found: /static/js/facebook-pixel.js
Not Found: /static/js/facebook-pixel.js
Not Found: /privacy-policy
Not Found: /static/images/logo.svg
